[35m[Appium][39m Welcome to Appium v1.22.3
[35m[Appium][39m Non-default server args:
[35m[Appium][39m   port: 58889
[35m[Appium][39m   loglevel: info
[35m[Appium][39m   tmpDir: C:\Users\JOINDO~1\AppData\Local\Temp\\Katalon\Appium\Temp1696934229567
[35m[Appium][39m   chromedriverPort: 58896
[35m[Appium][39m Deprecated server args:
[35m[Appium][39m   [31m--chromedriver-port[39m => --default-capabilities
[35m[Appium][39m Default capabilities, which will be added to each request unless overridden by desired capabilities:
[35m[Appium][39m   chromedriverPort: 58896
[35m[Appium][39m Appium REST http interface listener started on 0.0.0.0:58889
[35m[HTTP][39m [37m-->[39m [37mGET[39m [37m/wd/hub/status[39m
[35m[HTTP][39m [90m{}[39m
[35m[HTTP][39m [37m<-- GET /wd/hub/status [39m[32m200[39m [90m16 ms - 68[39m
[35m[HTTP][39m [90m[39m
[35m[HTTP][39m [37m-->[39m [37mGET[39m [37m/wd/hub/status[39m
[35m[HTTP][39m [90m{}[39m
[35m[HTTP][39m [37m<-- GET /wd/hub/status [39m[32m200[39m [90m3 ms - 68[39m
[35m[HTTP][39m [90m[39m
[35m[HTTP][39m [37m-->[39m [37mPOST[39m [37m/wd/hub/session[39m
[35m[HTTP][39m [90m{"desiredCapabilities":{"app":"C:\\Users\\joindomain\\Katalon_Studio\\EduApp\\mobileapp\\Happy Day Shopping_1.7_Apkpure.apk","noReset":true,"deviceId":"4961274a","deviceName":"realme RMX2030 (Android 10)","fullReset":false,"platform":"ANDROID","newCommandTimeout":1800,"platformVersion":"10","automationName":"uiautomator2","autoGrantPermissions":true,"platformName":"Android","udid":"4961274a","systemPort":58903},"capabilities":{"firstMatch":[{"appium:app":"C:\\Users\\joindomain\\Katalon_Studio\\EduApp\\mobileapp\\Happy Day Shopping_1.7_Apkpure.apk","appium:autoGrantPermissions":true,"appium:automationName":"uiautomator2","deviceId":"4961274a","appium:deviceName":"realme RMX2030 (Android 10)","appium:fullReset":false,"appium:newCommandTimeout":1800,"appium:noReset":true,"platform":"ANDROID","platformName":"android","appium:platformVersion":"10","appium:systemPort":58903,"appium:udid":"4961274a"}]}}[39m
[35m[BaseDriver][39m The following capabilities are not standard capabilities and should have an extension prefix:
[35m[BaseDriver][39m   deviceId
[35m[BaseDriver][39m   platform
[35m[BaseDriver][39m   chromedriverPort
[35m[Appium][39m Appium v1.22.3 creating new AndroidUiautomator2Driver (v1.70.1) session
[35m[BaseDriver][39m The following capabilities were provided, but are not recognized by Appium:
[35m[BaseDriver][39m   deviceId
[35m[BaseDriver][39m   platform
[35m[BaseDriver][39m Session created with session id: 24d397d8-f391-4dee-a331-439a42644c77
[35m[BaseDriver][39m Using local app 'C:\Users\joindomain\Katalon_Studio\EduApp\mobileapp\Happy Day Shopping_1.7_Apkpure.apk'
[35m[ADB][39m Found 1 'build-tools' folders under 'C:\Users\joindomain\.katalon\tools\android_sdk' (newest first):
[35m[ADB][39m     C:/Users/joindomain/.katalon/tools/android_sdk/build-tools/29.0.3
[35m[ADB][39m Using 'adb.exe' from 'C:\Users\joindomain\.katalon\tools\android_sdk\platform-tools\adb.exe'
[35m[AndroidDriver][39m Retrieving device list
[35m[AndroidDriver][39m Using device: 4961274a
[35m[ADB][39m Using 'adb.exe' from 'C:\Users\joindomain\.katalon\tools\android_sdk\platform-tools\adb.exe'
[35m[ADB][39m Getting device platform version
[35m[UiAutomator2][39m Relaxing hidden api policy
[35m[ADB][39m Package name: 'com.ecwid.ShopAt.HappyDayShopping'
[35m[ADB][39m Main activity name: 'com.pb.MainActivity'
[35m[ADB][39m Using 'apksigner.jar' from 'C:\Users\joindomain\.katalon\tools\android_sdk\build-tools\29.0.3\lib\apksigner.jar'
[35m[ADB][39m 'C:\Users\joindomain\AppData\Roaming\npm\node_modules\appium\node_modules\appium-uiautomator2-server\apks\appium-uiautomator2-server-v4.27.0.apk' is signed with the default certificate
[35m[ADB][39m 'C:\Users\joindomain\AppData\Roaming\npm\node_modules\appium\node_modules\appium-uiautomator2-server\apks\appium-uiautomator2-server-debug-androidTest.apk' is signed with the default certificate
[35m[UiAutomator2][39m Server packages are not going to be (re)installed
[35m[ADB][39m Adding packages ["io.appium.settings","io.appium.uiautomator2.server","io.appium.uiautomator2.server.test"] to Doze whitelist
[35m[ADB][39m 'C:\Users\joindomain\Katalon_Studio\EduApp\mobileapp\Happy Day Shopping_1.7_Apkpure.apk' is signed with a non-default certificate
[35m[ADB][39m The application at 'C:\Users\joindomain\Katalon_Studio\EduApp\mobileapp\Happy Day Shopping_1.7_Apkpure.apk' will not be cached, because the device under test has confirmed the support of streamed installs
[35m[ADB][39m The installation of 'Happy Day Shopping_1.7_Apkpure.apk' took 68686ms
[35m[UiAutomator2][39m Starting UIAutomator2 server 4.27.0
[35m[UiAutomator2][39m Using UIAutomator2 server from 'C:\Users\joindomain\AppData\Roaming\npm\node_modules\appium\node_modules\appium-uiautomator2-server\apks\appium-uiautomator2-server-v4.27.0.apk' and test from 'C:\Users\joindomain\AppData\Roaming\npm\node_modules\appium\node_modules\appium-uiautomator2-server\apks\appium-uiautomator2-server-debug-androidTest.apk'
[35m[UiAutomator2][39m Waiting up to 30000ms for UiAutomator2 to be online...
[35m[WD Proxy][39m socket hang up
[35m[WD Proxy][39m socket hang up
[35m[WD Proxy][39m socket hang up
[35m[WD Proxy][39m socket hang up
[35m[WD Proxy][39m socket hang up
[35m[WD Proxy][39m socket hang up
[35m[WD Proxy][39m socket hang up
[35m[WD Proxy][39m socket hang up
[35m[WD Proxy][39m Determined the downstream protocol as 'W3C'
[35m[AndroidDriver][39m Screen already unlocked, doing nothing
[35m[UiAutomator2][39m Starting 'com.ecwid.ShopAt.HappyDayShopping/com.pb.MainActivity and waiting for 'com.ecwid.ShopAt.HappyDayShopping/com.pb.MainActivity'
[35m[Appium][39m New AndroidUiautomator2Driver session created successfully, session 24d397d8-f391-4dee-a331-439a42644c77 added to master session list
[35m[HTTP][39m [37m<-- POST /wd/hub/session [39m[32m200[39m [90m90020 ms - 1377[39m
[35m[HTTP][39m [90m[39m
[35m[HTTP][39m [37m-->[39m [37mGET[39m [37m/wd/hub/session/24d397d8-f391-4dee-a331-439a42644c77[39m
[35m[HTTP][39m [90m{}[39m
[35m[HTTP][39m [37m<-- GET /wd/hub/session/24d397d8-f391-4dee-a331-439a42644c77 [39m[32m200[39m [90m12 ms - 1331[39m
[35m[HTTP][39m [90m[39m
[35m[HTTP][39m [37m-->[39m [37mGET[39m [37m/wd/hub/session/24d397d8-f391-4dee-a331-439a42644c77[39m
[35m[HTTP][39m [90m{}[39m
[35m[HTTP][39m [37m<-- GET /wd/hub/session/24d397d8-f391-4dee-a331-439a42644c77 [39m[32m200[39m [90m12 ms - 1331[39m
[35m[HTTP][39m [90m[39m
[35m[HTTP][39m [37m-->[39m [37mGET[39m [37m/wd/hub/status[39m
[35m[HTTP][39m [90m{}[39m
[35m[HTTP][39m [37m<-- GET /wd/hub/status [39m[32m200[39m [90m1 ms - 68[39m
[35m[HTTP][39m [90m[39m
[35m[HTTP][39m [37m-->[39m [37mPOST[39m [37m/wd/hub/session/24d397d8-f391-4dee-a331-439a42644c77/timeouts[39m
[35m[HTTP][39m [90m{"implicit":60000}[39m
[35m[HTTP][39m [37m<-- POST /wd/hub/session/24d397d8-f391-4dee-a331-439a42644c77/timeouts [39m[32m200[39m [90m3 ms - 14[39m
[35m[HTTP][39m [90m[39m
[35m[HTTP][39m [37m-->[39m [37mGET[39m [37m/wd/hub/session/24d397d8-f391-4dee-a331-439a42644c77/source[39m
[35m[HTTP][39m [90m{}[39m
[35m[W3C (24d397d8)][39m Driver proxy active, passing request on via HTTP proxy
[35m[WD Proxy][39m Replacing sessionId 674a77e1-45be-4bf7-8886-f645a8611cd3 with 24d397d8-f391-4dee-a331-439a42644c77
[35m[HTTP][39m [37m<-- GET /wd/hub/session/24d397d8-f391-4dee-a331-439a42644c77/source [39m[32m200[39m [90m127 ms - 1916[39m
[35m[HTTP][39m [90m[39m
[35m[HTTP][39m [37m-->[39m [37mGET[39m [37m/wd/hub/session/24d397d8-f391-4dee-a331-439a42644c77/screenshot[39m
[35m[HTTP][39m [90m{}[39m
[35m[HTTP][39m [37m<-- GET /wd/hub/session/24d397d8-f391-4dee-a331-439a42644c77/screenshot [39m[32m200[39m [90m746 ms - 140942[39m
[35m[HTTP][39m [90m[39m
[35m[HTTP][39m [37m-->[39m [37mGET[39m [37m/wd/hub/session/24d397d8-f391-4dee-a331-439a42644c77/source[39m
[35m[HTTP][39m [90m{}[39m
[35m[W3C (24d397d8)][39m Driver proxy active, passing request on via HTTP proxy
[35m[WD Proxy][39m Replacing sessionId 674a77e1-45be-4bf7-8886-f645a8611cd3 with 24d397d8-f391-4dee-a331-439a42644c77
[35m[HTTP][39m [37m<-- GET /wd/hub/session/24d397d8-f391-4dee-a331-439a42644c77/source [39m[32m200[39m [90m956 ms - 38398[39m
[35m[HTTP][39m [90m[39m
[35m[HTTP][39m [37m-->[39m [37mGET[39m [37m/wd/hub/session/24d397d8-f391-4dee-a331-439a42644c77/screenshot[39m
[35m[HTTP][39m [90m{}[39m
[35m[HTTP][39m [37m<-- GET /wd/hub/session/24d397d8-f391-4dee-a331-439a42644c77/screenshot [39m[32m200[39m [90m2559 ms - 1224884[39m
[35m[HTTP][39m [90m[39m
[35m[HTTP][39m [37m-->[39m [37mPOST[39m [37m/wd/hub/session/24d397d8-f391-4dee-a331-439a42644c77/elements[39m
[35m[HTTP][39m [90m{"using":"xpath","value":"//*[@class = 'android.view.ViewGroup' and (@text = '' or . = '')]"}[39m
[35m[HTTP][39m [37m<-- POST /wd/hub/session/24d397d8-f391-4dee-a331-439a42644c77/elements [39m[32m200[39m [90m816 ms - 5771[39m
[35m[HTTP][39m [90m[39m
[35m[HTTP][39m [37m-->[39m [37mPOST[39m [37m/wd/hub/session/24d397d8-f391-4dee-a331-439a42644c77/elements[39m
[35m[HTTP][39m [90m{"using":"-android uiautomator","value":"new UiSelector().className(\"android.view.ViewGroup\")"}[39m
[35m[HTTP][39m [37m<-- POST /wd/hub/session/24d397d8-f391-4dee-a331-439a42644c77/elements [39m[32m200[39m [90m1034 ms - 5771[39m
[35m[HTTP][39m [90m[39m
[35m[HTTP][39m [37m-->[39m [37mGET[39m [37m/wd/hub/session/24d397d8-f391-4dee-a331-439a42644c77/window/rect[39m
[35m[HTTP][39m [90m{}[39m
[35m[HTTP][39m [37m<-- GET /wd/hub/session/24d397d8-f391-4dee-a331-439a42644c77/window/rect [39m[32m200[39m [90m23 ms - 49[39m
[35m[HTTP][39m [90m[39m
[35m[HTTP][39m [37m-->[39m [37mPOST[39m [37m/wd/hub/session/24d397d8-f391-4dee-a331-439a42644c77/elements[39m
[35m[HTTP][39m [90m{"using":"xpath","value":"//hierarchy/android.widget.FrameLayout[1]/android.widget.LinearLayout[1]/android.widget.FrameLayout[1]/android.widget.LinearLayout[1]/android.widget.FrameLayout[1]/android.widget.FrameLayout[1]/android.view.ViewGroup[1]/android.view.ViewGroup[2]/android.view.ViewGroup[1]/android.view.ViewGroup[1]/android.view.ViewGroup[1]/android.view.ViewGroup[1]/android.view.ViewGroup[1]/android.view.ViewGroup[1]/android.view.ViewGroup[1]/android.view.ViewGroup[1]/android.widget.ScrollView[1]/android.view.ViewGroup[1]/android.view.ViewGroup[2]/android.widget.ScrollView[1]/android.view.ViewGroup[1]/android.widget.ScrollView[1]/android.view.ViewGroup[1]/android.view.ViewGroup[2]/android.view.ViewGroup[1]/android.view.ViewGroup[2]/android.view.ViewGroup[1]"}[39m
[35m[HTTP][39m [37m<-- POST /wd/hub/session/24d397d8-f391-4dee-a331-439a42644c77/elements [39m[32m200[39m [90m253 ms - 139[39m
[35m[HTTP][39m [90m[39m
[35m[HTTP][39m [37m-->[39m [37mGET[39m [37m/wd/hub/session/24d397d8-f391-4dee-a331-439a42644c77/element/00000000-0000-0014-ffff-ffff000000c2/location[39m
[35m[HTTP][39m [90m{}[39m
[35m[W3C (24d397d8)][39m Driver proxy active, passing request on via HTTP proxy
[35m[WD Proxy][39m Replacing sessionId 674a77e1-45be-4bf7-8886-f645a8611cd3 with 24d397d8-f391-4dee-a331-439a42644c77
[35m[HTTP][39m [37m<-- GET /wd/hub/session/24d397d8-f391-4dee-a331-439a42644c77/element/00000000-0000-0014-ffff-ffff000000c2/location [39m[32m200[39m [90m29 ms - 78[39m
[35m[HTTP][39m [90m[39m
[35m[HTTP][39m [37m-->[39m [37mPOST[39m [37m/wd/hub/session/24d397d8-f391-4dee-a331-439a42644c77/element/00000000-0000-0014-ffff-ffff000000c2/click[39m
[35m[HTTP][39m [90m{"id":"00000000-0000-0014-ffff-ffff000000c2"}[39m
[35m[HTTP][39m [37m<-- POST /wd/hub/session/24d397d8-f391-4dee-a331-439a42644c77/element/00000000-0000-0014-ffff-ffff000000c2/click [39m[32m200[39m [90m97 ms - 14[39m
[35m[HTTP][39m [90m[39m
[35m[HTTP][39m [37m-->[39m [37mGET[39m [37m/wd/hub/session/24d397d8-f391-4dee-a331-439a42644c77/source[39m
[35m[HTTP][39m [90m{}[39m
[35m[W3C (24d397d8)][39m Driver proxy active, passing request on via HTTP proxy
[35m[WD Proxy][39m Replacing sessionId 674a77e1-45be-4bf7-8886-f645a8611cd3 with 24d397d8-f391-4dee-a331-439a42644c77
[35m[HTTP][39m [37m<-- GET /wd/hub/session/24d397d8-f391-4dee-a331-439a42644c77/source [39m[32m200[39m [90m1301 ms - 25370[39m
[35m[HTTP][39m [90m[39m
[35m[HTTP][39m [37m-->[39m [37mGET[39m [37m/wd/hub/session/24d397d8-f391-4dee-a331-439a42644c77/screenshot[39m
[35m[HTTP][39m [90m{}[39m
[35m[HTTP][39m [37m<-- GET /wd/hub/session/24d397d8-f391-4dee-a331-439a42644c77/screenshot [39m[32m200[39m [90m530 ms - 47934[39m
[35m[HTTP][39m [90m[39m
[35m[HTTP][39m [37m-->[39m [37mGET[39m [37m/wd/hub/session/24d397d8-f391-4dee-a331-439a42644c77/source[39m
[35m[HTTP][39m [90m{}[39m
[35m[W3C (24d397d8)][39m Driver proxy active, passing request on via HTTP proxy
[35m[WD Proxy][39m Replacing sessionId 674a77e1-45be-4bf7-8886-f645a8611cd3 with 24d397d8-f391-4dee-a331-439a42644c77
[35m[HTTP][39m [37m<-- GET /wd/hub/session/24d397d8-f391-4dee-a331-439a42644c77/source [39m[32m200[39m [90m356 ms - 38477[39m
[35m[HTTP][39m [90m[39m
[35m[HTTP][39m [37m-->[39m [37mGET[39m [37m/wd/hub/session/24d397d8-f391-4dee-a331-439a42644c77/screenshot[39m
[35m[HTTP][39m [90m{}[39m
[35m[HTTP][39m [37m<-- GET /wd/hub/session/24d397d8-f391-4dee-a331-439a42644c77/screenshot [39m[32m200[39m [90m998 ms - 441186[39m
[35m[HTTP][39m [90m[39m
[35m[HTTP][39m [37m-->[39m [37mPOST[39m [37m/wd/hub/session/24d397d8-f391-4dee-a331-439a42644c77/elements[39m
[35m[HTTP][39m [90m{"using":"xpath","value":"//*[@class = 'android.view.ViewGroup' and (@text = '' or . = '')]"}[39m
[35m[HTTP][39m [37m<-- POST /wd/hub/session/24d397d8-f391-4dee-a331-439a42644c77/elements [39m[32m200[39m [90m308 ms - 5643[39m
[35m[HTTP][39m [90m[39m
[35m[HTTP][39m [37m-->[39m [37mPOST[39m [37m/wd/hub/session/24d397d8-f391-4dee-a331-439a42644c77/elements[39m
[35m[HTTP][39m [90m{"using":"-android uiautomator","value":"new UiSelector().className(\"android.view.ViewGroup\")"}[39m
[35m[HTTP][39m [37m<-- POST /wd/hub/session/24d397d8-f391-4dee-a331-439a42644c77/elements [39m[32m200[39m [90m871 ms - 5643[39m
[35m[HTTP][39m [90m[39m
[35m[HTTP][39m [37m-->[39m [37mGET[39m [37m/wd/hub/session/24d397d8-f391-4dee-a331-439a42644c77/window/rect[39m
[35m[HTTP][39m [90m{}[39m
[35m[HTTP][39m [37m<-- GET /wd/hub/session/24d397d8-f391-4dee-a331-439a42644c77/window/rect [39m[32m200[39m [90m21 ms - 49[39m
[35m[HTTP][39m [90m[39m
[35m[HTTP][39m [37m-->[39m [37mPOST[39m [37m/wd/hub/session/24d397d8-f391-4dee-a331-439a42644c77/elements[39m
[35m[HTTP][39m [90m{"using":"xpath","value":"//hierarchy/android.widget.FrameLayout[1]/android.widget.LinearLayout[1]/android.widget.FrameLayout[1]/android.widget.LinearLayout[1]/android.widget.FrameLayout[1]/android.widget.FrameLayout[1]/android.view.ViewGroup[1]/android.view.ViewGroup[2]/android.view.ViewGroup[1]/android.view.ViewGroup[1]/android.view.ViewGroup[1]/android.view.ViewGroup[1]/android.view.ViewGroup[1]/android.view.ViewGroup[1]/android.view.ViewGroup[1]/android.view.ViewGroup[1]/android.widget.ScrollView[1]/android.view.ViewGroup[1]/android.widget.ScrollView[1]/android.view.ViewGroup[1]/android.view.ViewGroup[2]/android.view.ViewGroup[1]/android.view.ViewGroup[1]/android.view.ViewGroup[1]"}[39m
[35m[HTTP][39m [37m<-- POST /wd/hub/session/24d397d8-f391-4dee-a331-439a42644c77/elements [39m[32m200[39m [90m231 ms - 139[39m
[35m[HTTP][39m [90m[39m
[35m[HTTP][39m [37m-->[39m [37mGET[39m [37m/wd/hub/session/24d397d8-f391-4dee-a331-439a42644c77/element/00000000-0000-0014-ffff-ffff0000029c/location[39m
[35m[HTTP][39m [90m{}[39m
[35m[W3C (24d397d8)][39m Driver proxy active, passing request on via HTTP proxy
[35m[WD Proxy][39m Replacing sessionId 674a77e1-45be-4bf7-8886-f645a8611cd3 with 24d397d8-f391-4dee-a331-439a42644c77
[35m[HTTP][39m [37m<-- GET /wd/hub/session/24d397d8-f391-4dee-a331-439a42644c77/element/00000000-0000-0014-ffff-ffff0000029c/location [39m[32m200[39m [90m21 ms - 77[39m
[35m[HTTP][39m [90m[39m
[35m[HTTP][39m [37m-->[39m [37mPOST[39m [37m/wd/hub/session/24d397d8-f391-4dee-a331-439a42644c77/element/00000000-0000-0014-ffff-ffff0000029c/click[39m
[35m[HTTP][39m [90m{"id":"00000000-0000-0014-ffff-ffff0000029c"}[39m
[35m[HTTP][39m [37m<-- POST /wd/hub/session/24d397d8-f391-4dee-a331-439a42644c77/element/00000000-0000-0014-ffff-ffff0000029c/click [39m[32m200[39m [90m69 ms - 14[39m
[35m[HTTP][39m [90m[39m
[35m[HTTP][39m [37m-->[39m [37mGET[39m [37m/wd/hub/session/24d397d8-f391-4dee-a331-439a42644c77/source[39m
[35m[HTTP][39m [90m{}[39m
[35m[W3C (24d397d8)][39m Driver proxy active, passing request on via HTTP proxy
[35m[WD Proxy][39m Replacing sessionId 674a77e1-45be-4bf7-8886-f645a8611cd3 with 24d397d8-f391-4dee-a331-439a42644c77
[35m[HTTP][39m [37m<-- GET /wd/hub/session/24d397d8-f391-4dee-a331-439a42644c77/source [39m[32m200[39m [90m926 ms - 26015[39m
[35m[HTTP][39m [90m[39m
[35m[HTTP][39m [37m-->[39m [37mGET[39m [37m/wd/hub/session/24d397d8-f391-4dee-a331-439a42644c77/screenshot[39m
[35m[HTTP][39m [90m{}[39m
[35m[HTTP][39m [37m<-- GET /wd/hub/session/24d397d8-f391-4dee-a331-439a42644c77/screenshot [39m[32m200[39m [90m788 ms - 297320[39m
[35m[HTTP][39m [90m[39m
[35m[HTTP][39m [37m-->[39m [37mPOST[39m [37m/wd/hub/session/24d397d8-f391-4dee-a331-439a42644c77/elements[39m
[35m[HTTP][39m [90m{"using":"xpath","value":"//*[@class = 'android.widget.TextView' and (@text = 'Add to Bag' or . = 'Add to Bag')]"}[39m
[35m[HTTP][39m [37m<-- POST /wd/hub/session/24d397d8-f391-4dee-a331-439a42644c77/elements [39m[32m200[39m [90m198 ms - 139[39m
[35m[HTTP][39m [90m[39m
[35m[HTTP][39m [37m-->[39m [37mGET[39m [37m/wd/hub/session/24d397d8-f391-4dee-a331-439a42644c77/window/rect[39m
[35m[HTTP][39m [90m{}[39m
[35m[HTTP][39m [37m<-- GET /wd/hub/session/24d397d8-f391-4dee-a331-439a42644c77/window/rect [39m[32m200[39m [90m14 ms - 49[39m
[35m[HTTP][39m [90m[39m
[35m[HTTP][39m [37m-->[39m [37mPOST[39m [37m/wd/hub/session/24d397d8-f391-4dee-a331-439a42644c77/elements[39m
[35m[HTTP][39m [90m{"using":"xpath","value":"//*[@class = 'android.widget.TextView' and (@text = 'Add to Bag' or . = 'Add to Bag')]"}[39m
[35m[HTTP][39m [37m<-- POST /wd/hub/session/24d397d8-f391-4dee-a331-439a42644c77/elements [39m[32m200[39m [90m147 ms - 139[39m
[35m[HTTP][39m [90m[39m
[35m[HTTP][39m [37m-->[39m [37mGET[39m [37m/wd/hub/session/24d397d8-f391-4dee-a331-439a42644c77/element/00000000-0000-0014-ffff-ffff000002d6/location[39m
[35m[HTTP][39m [90m{}[39m
[35m[W3C (24d397d8)][39m Driver proxy active, passing request on via HTTP proxy
[35m[WD Proxy][39m Replacing sessionId 674a77e1-45be-4bf7-8886-f645a8611cd3 with 24d397d8-f391-4dee-a331-439a42644c77
[35m[HTTP][39m [37m<-- GET /wd/hub/session/24d397d8-f391-4dee-a331-439a42644c77/element/00000000-0000-0014-ffff-ffff000002d6/location [39m[32m200[39m [90m23 ms - 78[39m
[35m[HTTP][39m [90m[39m
[35m[HTTP][39m [37m-->[39m [37mPOST[39m [37m/wd/hub/session/24d397d8-f391-4dee-a331-439a42644c77/element/00000000-0000-0014-ffff-ffff000002d6/click[39m
[35m[HTTP][39m [90m{"id":"00000000-0000-0014-ffff-ffff000002d6"}[39m
[35m[HTTP][39m [37m<-- POST /wd/hub/session/24d397d8-f391-4dee-a331-439a42644c77/element/00000000-0000-0014-ffff-ffff000002d6/click [39m[32m200[39m [90m75 ms - 14[39m
[35m[HTTP][39m [90m[39m
[35m[HTTP][39m [37m-->[39m [37mGET[39m [37m/wd/hub/session/24d397d8-f391-4dee-a331-439a42644c77/source[39m
[35m[HTTP][39m [90m{}[39m
[35m[W3C (24d397d8)][39m Driver proxy active, passing request on via HTTP proxy
[35m[WD Proxy][39m Replacing sessionId 674a77e1-45be-4bf7-8886-f645a8611cd3 with 24d397d8-f391-4dee-a331-439a42644c77
[35m[HTTP][39m [37m<-- GET /wd/hub/session/24d397d8-f391-4dee-a331-439a42644c77/source [39m[32m200[39m [90m1983 ms - 26875[39m
[35m[HTTP][39m [90m[39m
[35m[HTTP][39m [37m-->[39m [37mGET[39m [37m/wd/hub/session/24d397d8-f391-4dee-a331-439a42644c77/screenshot[39m
[35m[HTTP][39m [90m{}[39m
[35m[HTTP][39m [37m<-- GET /wd/hub/session/24d397d8-f391-4dee-a331-439a42644c77/screenshot [39m[32m200[39m [90m821 ms - 297324[39m
[35m[HTTP][39m [90m[39m
[35m[HTTP][39m [37m-->[39m [37mPOST[39m [37m/wd/hub/session/24d397d8-f391-4dee-a331-439a42644c77/elements[39m
[35m[HTTP][39m [90m{"using":"xpath","value":"//*[@class = 'android.widget.TextView' and (@text = 'Your Bag' or . = 'Your Bag')]"}[39m
[35m[HTTP][39m [37m<-- POST /wd/hub/session/24d397d8-f391-4dee-a331-439a42644c77/elements [39m[32m200[39m [90m203 ms - 139[39m
[35m[HTTP][39m [90m[39m
[35m[HTTP][39m [37m-->[39m [37mGET[39m [37m/wd/hub/session/24d397d8-f391-4dee-a331-439a42644c77/window/rect[39m
[35m[HTTP][39m [90m{}[39m
[35m[HTTP][39m [37m<-- GET /wd/hub/session/24d397d8-f391-4dee-a331-439a42644c77/window/rect [39m[32m200[39m [90m17 ms - 49[39m
[35m[HTTP][39m [90m[39m
[35m[HTTP][39m [37m-->[39m [37mPOST[39m [37m/wd/hub/session/24d397d8-f391-4dee-a331-439a42644c77/elements[39m
[35m[HTTP][39m [90m{"using":"xpath","value":"//*[@class = 'android.widget.TextView' and (@text = 'Your Bag' or . = 'Your Bag')]"}[39m
[35m[HTTP][39m [37m<-- POST /wd/hub/session/24d397d8-f391-4dee-a331-439a42644c77/elements [39m[32m200[39m [90m214 ms - 139[39m
[35m[HTTP][39m [90m[39m
[35m[HTTP][39m [37m-->[39m [37mGET[39m [37m/wd/hub/session/24d397d8-f391-4dee-a331-439a42644c77/element/00000000-0000-0014-ffff-ffff0000009c/location[39m
[35m[HTTP][39m [90m{}[39m
[35m[W3C (24d397d8)][39m Driver proxy active, passing request on via HTTP proxy
[35m[WD Proxy][39m Replacing sessionId 674a77e1-45be-4bf7-8886-f645a8611cd3 with 24d397d8-f391-4dee-a331-439a42644c77
[35m[HTTP][39m [37m<-- GET /wd/hub/session/24d397d8-f391-4dee-a331-439a42644c77/element/00000000-0000-0014-ffff-ffff0000009c/location [39m[32m200[39m [90m24 ms - 79[39m
[35m[HTTP][39m [90m[39m
[35m[HTTP][39m [37m-->[39m [37mPOST[39m [37m/wd/hub/session/24d397d8-f391-4dee-a331-439a42644c77/elements[39m
[35m[HTTP][39m [90m{"using":"xpath","value":"//*[@class = 'android.widget.TextView' and (@text = 'Your Bag' or . = 'Your Bag')]"}[39m
[35m[HTTP][39m [37m<-- POST /wd/hub/session/24d397d8-f391-4dee-a331-439a42644c77/elements [39m[32m200[39m [90m191 ms - 139[39m
[35m[HTTP][39m [90m[39m
[35m[HTTP][39m [37m-->[39m [37mGET[39m [37m/wd/hub/session/24d397d8-f391-4dee-a331-439a42644c77/element/00000000-0000-0014-ffff-ffff0000009c/location[39m
[35m[HTTP][39m [90m{}[39m
[35m[W3C (24d397d8)][39m Driver proxy active, passing request on via HTTP proxy
[35m[WD Proxy][39m Replacing sessionId 674a77e1-45be-4bf7-8886-f645a8611cd3 with 24d397d8-f391-4dee-a331-439a42644c77
[35m[HTTP][39m [37m<-- GET /wd/hub/session/24d397d8-f391-4dee-a331-439a42644c77/element/00000000-0000-0014-ffff-ffff0000009c/location [39m[32m200[39m [90m28 ms - 79[39m
[35m[HTTP][39m [90m[39m
[35m[HTTP][39m [37m-->[39m [37mPOST[39m [37m/wd/hub/session/24d397d8-f391-4dee-a331-439a42644c77/elements[39m
[35m[HTTP][39m [90m{"using":"xpath","value":"//*[@class = 'android.widget.TextView' and (@text = 'Your Bag' or . = 'Your Bag')]"}[39m
[35m[HTTP][39m [37m<-- POST /wd/hub/session/24d397d8-f391-4dee-a331-439a42644c77/elements [39m[32m200[39m [90m182 ms - 139[39m
[35m[HTTP][39m [90m[39m
[35m[HTTP][39m [37m-->[39m [37mGET[39m [37m/wd/hub/session/24d397d8-f391-4dee-a331-439a42644c77/element/00000000-0000-0014-ffff-ffff0000009c/location[39m
[35m[HTTP][39m [90m{}[39m
[35m[W3C (24d397d8)][39m Driver proxy active, passing request on via HTTP proxy
[35m[WD Proxy][39m Replacing sessionId 674a77e1-45be-4bf7-8886-f645a8611cd3 with 24d397d8-f391-4dee-a331-439a42644c77
[35m[HTTP][39m [37m<-- GET /wd/hub/session/24d397d8-f391-4dee-a331-439a42644c77/element/00000000-0000-0014-ffff-ffff0000009c/location [39m[32m200[39m [90m26 ms - 79[39m
[35m[HTTP][39m [90m[39m
[35m[HTTP][39m [37m-->[39m [37mPOST[39m [37m/wd/hub/session/24d397d8-f391-4dee-a331-439a42644c77/elements[39m
[35m[HTTP][39m [90m{"using":"xpath","value":"//*[@class = 'android.widget.TextView' and (@text = 'Your Bag' or . = 'Your Bag')]"}[39m
[35m[HTTP][39m [37m<-- POST /wd/hub/session/24d397d8-f391-4dee-a331-439a42644c77/elements [39m[32m200[39m [90m181 ms - 139[39m
[35m[HTTP][39m [90m[39m
[35m[HTTP][39m [37m-->[39m [37mGET[39m [37m/wd/hub/session/24d397d8-f391-4dee-a331-439a42644c77/element/00000000-0000-0014-ffff-ffff0000009c/location[39m
[35m[HTTP][39m [90m{}[39m
[35m[W3C (24d397d8)][39m Driver proxy active, passing request on via HTTP proxy
[35m[WD Proxy][39m Replacing sessionId 674a77e1-45be-4bf7-8886-f645a8611cd3 with 24d397d8-f391-4dee-a331-439a42644c77
[35m[HTTP][39m [37m<-- GET /wd/hub/session/24d397d8-f391-4dee-a331-439a42644c77/element/00000000-0000-0014-ffff-ffff0000009c/location [39m[32m200[39m [90m26 ms - 79[39m
[35m[HTTP][39m [90m[39m
[35m[HTTP][39m [37m-->[39m [37mPOST[39m [37m/wd/hub/session/24d397d8-f391-4dee-a331-439a42644c77/elements[39m
[35m[HTTP][39m [90m{"using":"xpath","value":"//*[@class = 'android.widget.TextView' and (@text = 'Your Bag' or . = 'Your Bag')]"}[39m
[35m[HTTP][39m [37m<-- POST /wd/hub/session/24d397d8-f391-4dee-a331-439a42644c77/elements [39m[32m200[39m [90m169 ms - 139[39m
[35m[HTTP][39m [90m[39m
[35m[HTTP][39m [37m-->[39m [37mGET[39m [37m/wd/hub/session/24d397d8-f391-4dee-a331-439a42644c77/element/00000000-0000-0014-ffff-ffff0000009c/location[39m
[35m[HTTP][39m [90m{}[39m
[35m[W3C (24d397d8)][39m Driver proxy active, passing request on via HTTP proxy
[35m[WD Proxy][39m Replacing sessionId 674a77e1-45be-4bf7-8886-f645a8611cd3 with 24d397d8-f391-4dee-a331-439a42644c77
[35m[HTTP][39m [37m<-- GET /wd/hub/session/24d397d8-f391-4dee-a331-439a42644c77/element/00000000-0000-0014-ffff-ffff0000009c/location [39m[32m200[39m [90m27 ms - 79[39m
[35m[HTTP][39m [90m[39m
[35m[HTTP][39m [37m-->[39m [37mPOST[39m [37m/wd/hub/session/24d397d8-f391-4dee-a331-439a42644c77/elements[39m
[35m[HTTP][39m [90m{"using":"xpath","value":"//*[@class = 'android.widget.TextView' and (@text = 'Your Bag' or . = 'Your Bag')]"}[39m
[35m[HTTP][39m [37m<-- POST /wd/hub/session/24d397d8-f391-4dee-a331-439a42644c77/elements [39m[32m200[39m [90m188 ms - 139[39m
[35m[HTTP][39m [90m[39m
[35m[HTTP][39m [37m-->[39m [37mGET[39m [37m/wd/hub/session/24d397d8-f391-4dee-a331-439a42644c77/element/00000000-0000-0014-ffff-ffff0000009c/location[39m
[35m[HTTP][39m [90m{}[39m
[35m[W3C (24d397d8)][39m Driver proxy active, passing request on via HTTP proxy
[35m[WD Proxy][39m Replacing sessionId 674a77e1-45be-4bf7-8886-f645a8611cd3 with 24d397d8-f391-4dee-a331-439a42644c77
[35m[HTTP][39m [37m<-- GET /wd/hub/session/24d397d8-f391-4dee-a331-439a42644c77/element/00000000-0000-0014-ffff-ffff0000009c/location [39m[32m200[39m [90m21 ms - 79[39m
[35m[HTTP][39m [90m[39m
[35m[HTTP][39m [37m-->[39m [37mPOST[39m [37m/wd/hub/session/24d397d8-f391-4dee-a331-439a42644c77/elements[39m
[35m[HTTP][39m [90m{"using":"xpath","value":"//*[@class = 'android.widget.TextView' and (@text = 'Your Bag' or . = 'Your Bag')]"}[39m
[35m[HTTP][39m [37m<-- POST /wd/hub/session/24d397d8-f391-4dee-a331-439a42644c77/elements [39m[32m200[39m [90m204 ms - 139[39m
[35m[HTTP][39m [90m[39m
[35m[HTTP][39m [37m-->[39m [37mGET[39m [37m/wd/hub/session/24d397d8-f391-4dee-a331-439a42644c77/element/00000000-0000-0014-ffff-ffff0000009c/location[39m
[35m[HTTP][39m [90m{}[39m
[35m[W3C (24d397d8)][39m Driver proxy active, passing request on via HTTP proxy
[35m[WD Proxy][39m Replacing sessionId 674a77e1-45be-4bf7-8886-f645a8611cd3 with 24d397d8-f391-4dee-a331-439a42644c77
[35m[HTTP][39m [37m<-- GET /wd/hub/session/24d397d8-f391-4dee-a331-439a42644c77/element/00000000-0000-0014-ffff-ffff0000009c/location [39m[32m200[39m [90m27 ms - 79[39m
[35m[HTTP][39m [90m[39m
[35m[HTTP][39m [37m-->[39m [37mPOST[39m [37m/wd/hub/session/24d397d8-f391-4dee-a331-439a42644c77/elements[39m
[35m[HTTP][39m [90m{"using":"xpath","value":"//*[@class = 'android.widget.TextView' and (@text = 'Your Bag' or . = 'Your Bag')]"}[39m
[35m[HTTP][39m [37m<-- POST /wd/hub/session/24d397d8-f391-4dee-a331-439a42644c77/elements [39m[32m200[39m [90m146 ms - 139[39m
[35m[HTTP][39m [90m[39m
[35m[HTTP][39m [37m-->[39m [37mGET[39m [37m/wd/hub/session/24d397d8-f391-4dee-a331-439a42644c77/element/00000000-0000-0014-ffff-ffff0000009c/location[39m
[35m[HTTP][39m [90m{}[39m
[35m[W3C (24d397d8)][39m Driver proxy active, passing request on via HTTP proxy
[35m[WD Proxy][39m Replacing sessionId 674a77e1-45be-4bf7-8886-f645a8611cd3 with 24d397d8-f391-4dee-a331-439a42644c77
[35m[HTTP][39m [37m<-- GET /wd/hub/session/24d397d8-f391-4dee-a331-439a42644c77/element/00000000-0000-0014-ffff-ffff0000009c/location [39m[32m200[39m [90m21 ms - 79[39m
[35m[HTTP][39m [90m[39m
[35m[HTTP][39m [37m-->[39m [37mPOST[39m [37m/wd/hub/session/24d397d8-f391-4dee-a331-439a42644c77/elements[39m
[35m[HTTP][39m [90m{"using":"xpath","value":"//*[@class = 'android.widget.TextView' and (@text = 'Your Bag' or . = 'Your Bag')]"}[39m
[35m[HTTP][39m [37m<-- POST /wd/hub/session/24d397d8-f391-4dee-a331-439a42644c77/elements [39m[32m200[39m [90m154 ms - 139[39m
[35m[HTTP][39m [90m[39m
[35m[HTTP][39m [37m-->[39m [37mGET[39m [37m/wd/hub/session/24d397d8-f391-4dee-a331-439a42644c77/element/00000000-0000-0014-ffff-ffff0000009c/location[39m
[35m[HTTP][39m [90m{}[39m
[35m[W3C (24d397d8)][39m Driver proxy active, passing request on via HTTP proxy
[35m[WD Proxy][39m Replacing sessionId 674a77e1-45be-4bf7-8886-f645a8611cd3 with 24d397d8-f391-4dee-a331-439a42644c77
[35m[HTTP][39m [37m<-- GET /wd/hub/session/24d397d8-f391-4dee-a331-439a42644c77/element/00000000-0000-0014-ffff-ffff0000009c/location [39m[32m200[39m [90m23 ms - 79[39m
[35m[HTTP][39m [90m[39m
[35m[HTTP][39m [37m-->[39m [37mPOST[39m [37m/wd/hub/session/24d397d8-f391-4dee-a331-439a42644c77/elements[39m
[35m[HTTP][39m [90m{"using":"xpath","value":"//*[@class = 'android.widget.TextView' and (@text = 'Your Bag' or . = 'Your Bag')]"}[39m
[35m[HTTP][39m [37m<-- POST /wd/hub/session/24d397d8-f391-4dee-a331-439a42644c77/elements [39m[32m200[39m [90m183 ms - 139[39m
[35m[HTTP][39m [90m[39m
[35m[HTTP][39m [37m-->[39m [37mGET[39m [37m/wd/hub/session/24d397d8-f391-4dee-a331-439a42644c77/element/00000000-0000-0014-ffff-ffff0000009c/location[39m
[35m[HTTP][39m [90m{}[39m
[35m[W3C (24d397d8)][39m Driver proxy active, passing request on via HTTP proxy
[35m[WD Proxy][39m Replacing sessionId 674a77e1-45be-4bf7-8886-f645a8611cd3 with 24d397d8-f391-4dee-a331-439a42644c77
[35m[HTTP][39m [37m<-- GET /wd/hub/session/24d397d8-f391-4dee-a331-439a42644c77/element/00000000-0000-0014-ffff-ffff0000009c/location [39m[32m200[39m [90m29 ms - 79[39m
[35m[HTTP][39m [90m[39m
[35m[HTTP][39m [37m-->[39m [37mPOST[39m [37m/wd/hub/session/24d397d8-f391-4dee-a331-439a42644c77/elements[39m
[35m[HTTP][39m [90m{"using":"xpath","value":"//*[@class = 'android.widget.TextView' and (@text = 'Your Bag' or . = 'Your Bag')]"}[39m
[35m[HTTP][39m [37m<-- POST /wd/hub/session/24d397d8-f391-4dee-a331-439a42644c77/elements [39m[32m200[39m [90m160 ms - 139[39m
[35m[HTTP][39m [90m[39m
[35m[HTTP][39m [37m-->[39m [37mGET[39m [37m/wd/hub/session/24d397d8-f391-4dee-a331-439a42644c77/element/00000000-0000-0014-ffff-ffff0000009c/location[39m
[35m[HTTP][39m [90m{}[39m
[35m[W3C (24d397d8)][39m Driver proxy active, passing request on via HTTP proxy
[35m[WD Proxy][39m Replacing sessionId 674a77e1-45be-4bf7-8886-f645a8611cd3 with 24d397d8-f391-4dee-a331-439a42644c77
[35m[HTTP][39m [37m<-- GET /wd/hub/session/24d397d8-f391-4dee-a331-439a42644c77/element/00000000-0000-0014-ffff-ffff0000009c/location [39m[32m200[39m [90m24 ms - 79[39m
[35m[HTTP][39m [90m[39m
[35m[HTTP][39m [37m-->[39m [37mPOST[39m [37m/wd/hub/session/24d397d8-f391-4dee-a331-439a42644c77/elements[39m
[35m[HTTP][39m [90m{"using":"xpath","value":"//*[@class = 'android.widget.TextView' and (@text = 'Your Bag' or . = 'Your Bag')]"}[39m
[35m[HTTP][39m [37m<-- POST /wd/hub/session/24d397d8-f391-4dee-a331-439a42644c77/elements [39m[32m200[39m [90m154 ms - 139[39m
[35m[HTTP][39m [90m[39m
[35m[HTTP][39m [37m-->[39m [37mGET[39m [37m/wd/hub/session/24d397d8-f391-4dee-a331-439a42644c77/element/00000000-0000-0014-ffff-ffff0000009c/location[39m
[35m[HTTP][39m [90m{}[39m
[35m[W3C (24d397d8)][39m Driver proxy active, passing request on via HTTP proxy
[35m[WD Proxy][39m Replacing sessionId 674a77e1-45be-4bf7-8886-f645a8611cd3 with 24d397d8-f391-4dee-a331-439a42644c77
[35m[HTTP][39m [37m<-- GET /wd/hub/session/24d397d8-f391-4dee-a331-439a42644c77/element/00000000-0000-0014-ffff-ffff0000009c/location [39m[32m200[39m [90m582 ms - 79[39m
[35m[HTTP][39m [90m[39m
[35m[HTTP][39m [37m-->[39m [37mPOST[39m [37m/wd/hub/session/24d397d8-f391-4dee-a331-439a42644c77/elements[39m
[35m[HTTP][39m [90m{"using":"xpath","value":"//*[@class = 'android.widget.TextView' and (@text = 'Your Bag' or . = 'Your Bag')]"}[39m
[35m[HTTP][39m [37m<-- POST /wd/hub/session/24d397d8-f391-4dee-a331-439a42644c77/elements [39m[32m200[39m [90m210 ms - 139[39m
[35m[HTTP][39m [90m[39m
[35m[HTTP][39m [37m-->[39m [37mGET[39m [37m/wd/hub/session/24d397d8-f391-4dee-a331-439a42644c77/element/00000000-0000-0014-ffff-ffff0000009c/location[39m
[35m[HTTP][39m [90m{}[39m
[35m[W3C (24d397d8)][39m Driver proxy active, passing request on via HTTP proxy
[35m[WD Proxy][39m Replacing sessionId 674a77e1-45be-4bf7-8886-f645a8611cd3 with 24d397d8-f391-4dee-a331-439a42644c77
[35m[HTTP][39m [37m<-- GET /wd/hub/session/24d397d8-f391-4dee-a331-439a42644c77/element/00000000-0000-0014-ffff-ffff0000009c/location [39m[32m200[39m [90m31 ms - 79[39m
[35m[HTTP][39m [90m[39m
[35m[HTTP][39m [37m-->[39m [37mPOST[39m [37m/wd/hub/session/24d397d8-f391-4dee-a331-439a42644c77/elements[39m
[35m[HTTP][39m [90m{"using":"xpath","value":"//*[@class = 'android.widget.TextView' and (@text = 'Your Bag' or . = 'Your Bag')]"}[39m
[35m[HTTP][39m [37m<-- POST /wd/hub/session/24d397d8-f391-4dee-a331-439a42644c77/elements [39m[32m200[39m [90m160 ms - 139[39m
[35m[HTTP][39m [90m[39m
[35m[HTTP][39m [37m-->[39m [37mGET[39m [37m/wd/hub/session/24d397d8-f391-4dee-a331-439a42644c77/element/00000000-0000-0014-ffff-ffff0000009c/location[39m
[35m[HTTP][39m [90m{}[39m
[35m[W3C (24d397d8)][39m Driver proxy active, passing request on via HTTP proxy
[35m[WD Proxy][39m Replacing sessionId 674a77e1-45be-4bf7-8886-f645a8611cd3 with 24d397d8-f391-4dee-a331-439a42644c77
[35m[HTTP][39m [37m<-- GET /wd/hub/session/24d397d8-f391-4dee-a331-439a42644c77/element/00000000-0000-0014-ffff-ffff0000009c/location [39m[32m200[39m [90m27 ms - 79[39m
[35m[HTTP][39m [90m[39m
[35m[HTTP][39m [37m-->[39m [37mPOST[39m [37m/wd/hub/session/24d397d8-f391-4dee-a331-439a42644c77/elements[39m
[35m[HTTP][39m [90m{"using":"xpath","value":"//*[@class = 'android.widget.TextView' and (@text = 'Your Bag' or . = 'Your Bag')]"}[39m
[35m[HTTP][39m [37m<-- POST /wd/hub/session/24d397d8-f391-4dee-a331-439a42644c77/elements [39m[32m200[39m [90m162 ms - 139[39m
[35m[HTTP][39m [90m[39m
[35m[HTTP][39m [37m-->[39m [37mGET[39m [37m/wd/hub/session/24d397d8-f391-4dee-a331-439a42644c77/element/00000000-0000-0014-ffff-ffff0000009c/location[39m
[35m[HTTP][39m [90m{}[39m
[35m[W3C (24d397d8)][39m Driver proxy active, passing request on via HTTP proxy
[35m[WD Proxy][39m Replacing sessionId 674a77e1-45be-4bf7-8886-f645a8611cd3 with 24d397d8-f391-4dee-a331-439a42644c77
[35m[HTTP][39m [37m<-- GET /wd/hub/session/24d397d8-f391-4dee-a331-439a42644c77/element/00000000-0000-0014-ffff-ffff0000009c/location [39m[32m200[39m [90m32 ms - 79[39m
[35m[HTTP][39m [90m[39m
[35m[HTTP][39m [37m-->[39m [37mPOST[39m [37m/wd/hub/session/24d397d8-f391-4dee-a331-439a42644c77/elements[39m
[35m[HTTP][39m [90m{"using":"xpath","value":"//*[@class = 'android.widget.TextView' and (@text = 'Your Bag' or . = 'Your Bag')]"}[39m
[35m[HTTP][39m [37m<-- POST /wd/hub/session/24d397d8-f391-4dee-a331-439a42644c77/elements [39m[32m200[39m [90m178 ms - 139[39m
[35m[HTTP][39m [90m[39m
[35m[HTTP][39m [37m-->[39m [37mGET[39m [37m/wd/hub/session/24d397d8-f391-4dee-a331-439a42644c77/element/00000000-0000-0014-ffff-ffff0000009c/location[39m
[35m[HTTP][39m [90m{}[39m
[35m[W3C (24d397d8)][39m Driver proxy active, passing request on via HTTP proxy
[35m[WD Proxy][39m Replacing sessionId 674a77e1-45be-4bf7-8886-f645a8611cd3 with 24d397d8-f391-4dee-a331-439a42644c77
[35m[HTTP][39m [37m<-- GET /wd/hub/session/24d397d8-f391-4dee-a331-439a42644c77/element/00000000-0000-0014-ffff-ffff0000009c/location [39m[32m200[39m [90m47 ms - 79[39m
[35m[HTTP][39m [90m[39m
[35m[HTTP][39m [37m-->[39m [37mPOST[39m [37m/wd/hub/session/24d397d8-f391-4dee-a331-439a42644c77/elements[39m
[35m[HTTP][39m [90m{"using":"xpath","value":"//*[@class = 'android.widget.TextView' and (@text = 'Your Bag' or . = 'Your Bag')]"}[39m
[35m[HTTP][39m [37m<-- POST /wd/hub/session/24d397d8-f391-4dee-a331-439a42644c77/elements [39m[32m200[39m [90m175 ms - 139[39m
[35m[HTTP][39m [90m[39m
[35m[HTTP][39m [37m-->[39m [37mGET[39m [37m/wd/hub/session/24d397d8-f391-4dee-a331-439a42644c77/element/00000000-0000-0014-ffff-ffff0000009c/location[39m
[35m[HTTP][39m [90m{}[39m
[35m[W3C (24d397d8)][39m Driver proxy active, passing request on via HTTP proxy
[35m[WD Proxy][39m Replacing sessionId 674a77e1-45be-4bf7-8886-f645a8611cd3 with 24d397d8-f391-4dee-a331-439a42644c77
[35m[HTTP][39m [37m<-- GET /wd/hub/session/24d397d8-f391-4dee-a331-439a42644c77/element/00000000-0000-0014-ffff-ffff0000009c/location [39m[32m200[39m [90m34 ms - 79[39m
[35m[HTTP][39m [90m[39m
[35m[HTTP][39m [37m-->[39m [37mPOST[39m [37m/wd/hub/session/24d397d8-f391-4dee-a331-439a42644c77/elements[39m
[35m[HTTP][39m [90m{"using":"xpath","value":"//*[@class = 'android.widget.TextView' and (@text = 'Your Bag' or . = 'Your Bag')]"}[39m
[35m[HTTP][39m [37m<-- POST /wd/hub/session/24d397d8-f391-4dee-a331-439a42644c77/elements [39m[32m200[39m [90m168 ms - 139[39m
[35m[HTTP][39m [90m[39m
[35m[HTTP][39m [37m-->[39m [37mGET[39m [37m/wd/hub/session/24d397d8-f391-4dee-a331-439a42644c77/element/00000000-0000-0014-ffff-ffff0000009c/location[39m
[35m[HTTP][39m [90m{}[39m
[35m[W3C (24d397d8)][39m Driver proxy active, passing request on via HTTP proxy
[35m[WD Proxy][39m Replacing sessionId 674a77e1-45be-4bf7-8886-f645a8611cd3 with 24d397d8-f391-4dee-a331-439a42644c77
[35m[HTTP][39m [37m<-- GET /wd/hub/session/24d397d8-f391-4dee-a331-439a42644c77/element/00000000-0000-0014-ffff-ffff0000009c/location [39m[32m200[39m [90m22 ms - 79[39m
[35m[HTTP][39m [90m[39m
[35m[HTTP][39m [37m-->[39m [37mPOST[39m [37m/wd/hub/session/24d397d8-f391-4dee-a331-439a42644c77/elements[39m
[35m[HTTP][39m [90m{"using":"xpath","value":"//*[@class = 'android.widget.TextView' and (@text = 'Your Bag' or . = 'Your Bag')]"}[39m
[35m[HTTP][39m [37m<-- POST /wd/hub/session/24d397d8-f391-4dee-a331-439a42644c77/elements [39m[32m200[39m [90m172 ms - 139[39m
[35m[HTTP][39m [90m[39m
[35m[HTTP][39m [37m-->[39m [37mGET[39m [37m/wd/hub/session/24d397d8-f391-4dee-a331-439a42644c77/element/00000000-0000-0014-ffff-ffff0000009c/location[39m
[35m[HTTP][39m [90m{}[39m
[35m[W3C (24d397d8)][39m Driver proxy active, passing request on via HTTP proxy
[35m[WD Proxy][39m Replacing sessionId 674a77e1-45be-4bf7-8886-f645a8611cd3 with 24d397d8-f391-4dee-a331-439a42644c77
[35m[HTTP][39m [37m<-- GET /wd/hub/session/24d397d8-f391-4dee-a331-439a42644c77/element/00000000-0000-0014-ffff-ffff0000009c/location [39m[32m200[39m [90m23 ms - 79[39m
[35m[HTTP][39m [90m[39m
[35m[HTTP][39m [37m-->[39m [37mPOST[39m [37m/wd/hub/session/24d397d8-f391-4dee-a331-439a42644c77/elements[39m
[35m[HTTP][39m [90m{"using":"xpath","value":"//*[@class = 'android.widget.TextView' and (@text = 'Your Bag' or . = 'Your Bag')]"}[39m
[35m[HTTP][39m [37m<-- POST /wd/hub/session/24d397d8-f391-4dee-a331-439a42644c77/elements [39m[32m200[39m [90m173 ms - 139[39m
[35m[HTTP][39m [90m[39m
[35m[HTTP][39m [37m-->[39m [37mGET[39m [37m/wd/hub/session/24d397d8-f391-4dee-a331-439a42644c77/element/00000000-0000-0014-ffff-ffff0000009c/location[39m
[35m[HTTP][39m [90m{}[39m
[35m[W3C (24d397d8)][39m Driver proxy active, passing request on via HTTP proxy
[35m[WD Proxy][39m Replacing sessionId 674a77e1-45be-4bf7-8886-f645a8611cd3 with 24d397d8-f391-4dee-a331-439a42644c77
[35m[HTTP][39m [37m<-- GET /wd/hub/session/24d397d8-f391-4dee-a331-439a42644c77/element/00000000-0000-0014-ffff-ffff0000009c/location [39m[32m200[39m [90m27 ms - 79[39m
[35m[HTTP][39m [90m[39m
[35m[HTTP][39m [37m-->[39m [37mPOST[39m [37m/wd/hub/session/24d397d8-f391-4dee-a331-439a42644c77/elements[39m
[35m[HTTP][39m [90m{"using":"xpath","value":"//*[@class = 'android.widget.TextView' and (@text = 'Your Bag' or . = 'Your Bag')]"}[39m
[35m[HTTP][39m [37m<-- POST /wd/hub/session/24d397d8-f391-4dee-a331-439a42644c77/elements [39m[32m200[39m [90m167 ms - 139[39m
[35m[HTTP][39m [90m[39m
[35m[HTTP][39m [37m-->[39m [37mGET[39m [37m/wd/hub/session/24d397d8-f391-4dee-a331-439a42644c77/element/00000000-0000-0014-ffff-ffff0000009c/location[39m
[35m[HTTP][39m [90m{}[39m
[35m[W3C (24d397d8)][39m Driver proxy active, passing request on via HTTP proxy
[35m[WD Proxy][39m Replacing sessionId 674a77e1-45be-4bf7-8886-f645a8611cd3 with 24d397d8-f391-4dee-a331-439a42644c77
[35m[HTTP][39m [37m<-- GET /wd/hub/session/24d397d8-f391-4dee-a331-439a42644c77/element/00000000-0000-0014-ffff-ffff0000009c/location [39m[32m200[39m [90m25 ms - 79[39m
[35m[HTTP][39m [90m[39m
[35m[HTTP][39m [37m-->[39m [37mPOST[39m [37m/wd/hub/session/24d397d8-f391-4dee-a331-439a42644c77/elements[39m
[35m[HTTP][39m [90m{"using":"xpath","value":"//*[@class = 'android.widget.TextView' and (@text = 'Your Bag' or . = 'Your Bag')]"}[39m
[35m[HTTP][39m [37m<-- POST /wd/hub/session/24d397d8-f391-4dee-a331-439a42644c77/elements [39m[32m200[39m [90m182 ms - 139[39m
[35m[HTTP][39m [90m[39m
[35m[HTTP][39m [37m-->[39m [37mGET[39m [37m/wd/hub/session/24d397d8-f391-4dee-a331-439a42644c77/element/00000000-0000-0014-ffff-ffff0000009c/location[39m
[35m[HTTP][39m [90m{}[39m
[35m[W3C (24d397d8)][39m Driver proxy active, passing request on via HTTP proxy
[35m[WD Proxy][39m Replacing sessionId 674a77e1-45be-4bf7-8886-f645a8611cd3 with 24d397d8-f391-4dee-a331-439a42644c77
[35m[HTTP][39m [37m<-- GET /wd/hub/session/24d397d8-f391-4dee-a331-439a42644c77/element/00000000-0000-0014-ffff-ffff0000009c/location [39m[32m200[39m [90m25 ms - 79[39m
[35m[HTTP][39m [90m[39m
[35m[HTTP][39m [37m-->[39m [37mPOST[39m [37m/wd/hub/session/24d397d8-f391-4dee-a331-439a42644c77/elements[39m
[35m[HTTP][39m [90m{"using":"xpath","value":"//*[@class = 'android.widget.TextView' and (@text = 'Your Bag' or . = 'Your Bag')]"}[39m
[35m[HTTP][39m [37m<-- POST /wd/hub/session/24d397d8-f391-4dee-a331-439a42644c77/elements [39m[32m200[39m [90m169 ms - 139[39m
[35m[HTTP][39m [90m[39m
[35m[HTTP][39m [37m-->[39m [37mGET[39m [37m/wd/hub/session/24d397d8-f391-4dee-a331-439a42644c77/element/00000000-0000-0014-ffff-ffff0000009c/location[39m
[35m[HTTP][39m [90m{}[39m
[35m[W3C (24d397d8)][39m Driver proxy active, passing request on via HTTP proxy
[35m[WD Proxy][39m Replacing sessionId 674a77e1-45be-4bf7-8886-f645a8611cd3 with 24d397d8-f391-4dee-a331-439a42644c77
[35m[HTTP][39m [37m<-- GET /wd/hub/session/24d397d8-f391-4dee-a331-439a42644c77/element/00000000-0000-0014-ffff-ffff0000009c/location [39m[32m200[39m [90m18 ms - 79[39m
[35m[HTTP][39m [90m[39m
[35m[HTTP][39m [37m-->[39m [37mPOST[39m [37m/wd/hub/session/24d397d8-f391-4dee-a331-439a42644c77/elements[39m
[35m[HTTP][39m [90m{"using":"xpath","value":"//*[@class = 'android.widget.TextView' and (@text = 'Your Bag' or . = 'Your Bag')]"}[39m
[35m[HTTP][39m [37m<-- POST /wd/hub/session/24d397d8-f391-4dee-a331-439a42644c77/elements [39m[32m200[39m [90m123 ms - 139[39m
[35m[HTTP][39m [90m[39m
[35m[HTTP][39m [37m-->[39m [37mGET[39m [37m/wd/hub/session/24d397d8-f391-4dee-a331-439a42644c77/element/00000000-0000-0014-ffff-ffff0000009c/location[39m
[35m[HTTP][39m [90m{}[39m
[35m[W3C (24d397d8)][39m Driver proxy active, passing request on via HTTP proxy
[35m[WD Proxy][39m Replacing sessionId 674a77e1-45be-4bf7-8886-f645a8611cd3 with 24d397d8-f391-4dee-a331-439a42644c77
[35m[HTTP][39m [37m<-- GET /wd/hub/session/24d397d8-f391-4dee-a331-439a42644c77/element/00000000-0000-0014-ffff-ffff0000009c/location [39m[32m200[39m [90m22 ms - 79[39m
[35m[HTTP][39m [90m[39m
[35m[HTTP][39m [37m-->[39m [37mPOST[39m [37m/wd/hub/session/24d397d8-f391-4dee-a331-439a42644c77/elements[39m
[35m[HTTP][39m [90m{"using":"xpath","value":"//*[@class = 'android.widget.TextView' and (@text = 'Your Bag' or . = 'Your Bag')]"}[39m
[35m[HTTP][39m [37m<-- POST /wd/hub/session/24d397d8-f391-4dee-a331-439a42644c77/elements [39m[32m200[39m [90m123 ms - 139[39m
[35m[HTTP][39m [90m[39m
[35m[HTTP][39m [37m-->[39m [37mGET[39m [37m/wd/hub/session/24d397d8-f391-4dee-a331-439a42644c77/element/00000000-0000-0014-ffff-ffff0000009c/location[39m
[35m[HTTP][39m [90m{}[39m
[35m[W3C (24d397d8)][39m Driver proxy active, passing request on via HTTP proxy
[35m[WD Proxy][39m Replacing sessionId 674a77e1-45be-4bf7-8886-f645a8611cd3 with 24d397d8-f391-4dee-a331-439a42644c77
[35m[HTTP][39m [37m<-- GET /wd/hub/session/24d397d8-f391-4dee-a331-439a42644c77/element/00000000-0000-0014-ffff-ffff0000009c/location [39m[32m200[39m [90m31 ms - 79[39m
[35m[HTTP][39m [90m[39m
[35m[HTTP][39m [37m-->[39m [37mPOST[39m [37m/wd/hub/session/24d397d8-f391-4dee-a331-439a42644c77/elements[39m
[35m[HTTP][39m [90m{"using":"xpath","value":"//*[@class = 'android.widget.TextView' and (@text = 'Your Bag' or . = 'Your Bag')]"}[39m
[35m[HTTP][39m [37m<-- POST /wd/hub/session/24d397d8-f391-4dee-a331-439a42644c77/elements [39m[32m200[39m [90m163 ms - 139[39m
[35m[HTTP][39m [90m[39m
[35m[HTTP][39m [37m-->[39m [37mGET[39m [37m/wd/hub/session/24d397d8-f391-4dee-a331-439a42644c77/element/00000000-0000-0014-ffff-ffff0000009c/location[39m
[35m[HTTP][39m [90m{}[39m
[35m[W3C (24d397d8)][39m Driver proxy active, passing request on via HTTP proxy
[35m[WD Proxy][39m Replacing sessionId 674a77e1-45be-4bf7-8886-f645a8611cd3 with 24d397d8-f391-4dee-a331-439a42644c77
[35m[HTTP][39m [37m<-- GET /wd/hub/session/24d397d8-f391-4dee-a331-439a42644c77/element/00000000-0000-0014-ffff-ffff0000009c/location [39m[32m200[39m [90m26 ms - 79[39m
[35m[HTTP][39m [90m[39m
[35m[HTTP][39m [37m-->[39m [37mPOST[39m [37m/wd/hub/session/24d397d8-f391-4dee-a331-439a42644c77/elements[39m
[35m[HTTP][39m [90m{"using":"xpath","value":"//*[@class = 'android.widget.TextView' and (@text = 'Your Bag' or . = 'Your Bag')]"}[39m
[35m[HTTP][39m [37m<-- POST /wd/hub/session/24d397d8-f391-4dee-a331-439a42644c77/elements [39m[32m200[39m [90m151 ms - 139[39m
[35m[HTTP][39m [90m[39m
[35m[HTTP][39m [37m-->[39m [37mGET[39m [37m/wd/hub/session/24d397d8-f391-4dee-a331-439a42644c77/element/00000000-0000-0014-ffff-ffff0000009c/location[39m
[35m[HTTP][39m [90m{}[39m
[35m[W3C (24d397d8)][39m Driver proxy active, passing request on via HTTP proxy
[35m[WD Proxy][39m Replacing sessionId 674a77e1-45be-4bf7-8886-f645a8611cd3 with 24d397d8-f391-4dee-a331-439a42644c77
[35m[HTTP][39m [37m<-- GET /wd/hub/session/24d397d8-f391-4dee-a331-439a42644c77/element/00000000-0000-0014-ffff-ffff0000009c/location [39m[32m200[39m [90m18 ms - 79[39m
[35m[HTTP][39m [90m[39m
[35m[HTTP][39m [37m-->[39m [37mPOST[39m [37m/wd/hub/session/24d397d8-f391-4dee-a331-439a42644c77/elements[39m
[35m[HTTP][39m [90m{"using":"xpath","value":"//*[@class = 'android.widget.TextView' and (@text = 'Your Bag' or . = 'Your Bag')]"}[39m
[35m[HTTP][39m [37m<-- POST /wd/hub/session/24d397d8-f391-4dee-a331-439a42644c77/elements [39m[32m200[39m [90m155 ms - 139[39m
[35m[HTTP][39m [90m[39m
[35m[HTTP][39m [37m-->[39m [37mGET[39m [37m/wd/hub/session/24d397d8-f391-4dee-a331-439a42644c77/element/00000000-0000-0014-ffff-ffff0000009c/location[39m
[35m[HTTP][39m [90m{}[39m
[35m[W3C (24d397d8)][39m Driver proxy active, passing request on via HTTP proxy
[35m[WD Proxy][39m Replacing sessionId 674a77e1-45be-4bf7-8886-f645a8611cd3 with 24d397d8-f391-4dee-a331-439a42644c77
[35m[HTTP][39m [37m<-- GET /wd/hub/session/24d397d8-f391-4dee-a331-439a42644c77/element/00000000-0000-0014-ffff-ffff0000009c/location [39m[32m200[39m [90m35 ms - 79[39m
[35m[HTTP][39m [90m[39m
[35m[HTTP][39m [37m-->[39m [37mPOST[39m [37m/wd/hub/session/24d397d8-f391-4dee-a331-439a42644c77/elements[39m
[35m[HTTP][39m [90m{"using":"xpath","value":"//*[@class = 'android.widget.TextView' and (@text = 'Your Bag' or . = 'Your Bag')]"}[39m
[35m[HTTP][39m [37m<-- POST /wd/hub/session/24d397d8-f391-4dee-a331-439a42644c77/elements [39m[32m200[39m [90m173 ms - 139[39m
[35m[HTTP][39m [90m[39m
[35m[HTTP][39m [37m-->[39m [37mGET[39m [37m/wd/hub/session/24d397d8-f391-4dee-a331-439a42644c77/element/00000000-0000-0014-ffff-ffff0000009c/location[39m
[35m[HTTP][39m [90m{}[39m
[35m[W3C (24d397d8)][39m Driver proxy active, passing request on via HTTP proxy
[35m[WD Proxy][39m Replacing sessionId 674a77e1-45be-4bf7-8886-f645a8611cd3 with 24d397d8-f391-4dee-a331-439a42644c77
[35m[HTTP][39m [37m<-- GET /wd/hub/session/24d397d8-f391-4dee-a331-439a42644c77/element/00000000-0000-0014-ffff-ffff0000009c/location [39m[32m200[39m [90m528 ms - 79[39m
[35m[HTTP][39m [90m[39m
[35m[HTTP][39m [37m-->[39m [37mPOST[39m [37m/wd/hub/session/24d397d8-f391-4dee-a331-439a42644c77/elements[39m
[35m[HTTP][39m [90m{"using":"xpath","value":"//*[@class = 'android.widget.TextView' and (@text = 'Your Bag' or . = 'Your Bag')]"}[39m
[35m[HTTP][39m [37m<-- POST /wd/hub/session/24d397d8-f391-4dee-a331-439a42644c77/elements [39m[32m200[39m [90m159 ms - 139[39m
[35m[HTTP][39m [90m[39m
[35m[HTTP][39m [37m-->[39m [37mGET[39m [37m/wd/hub/session/24d397d8-f391-4dee-a331-439a42644c77/element/00000000-0000-0014-ffff-ffff0000009c/location[39m
[35m[HTTP][39m [90m{}[39m
[35m[W3C (24d397d8)][39m Driver proxy active, passing request on via HTTP proxy
[35m[WD Proxy][39m Replacing sessionId 674a77e1-45be-4bf7-8886-f645a8611cd3 with 24d397d8-f391-4dee-a331-439a42644c77
[35m[HTTP][39m [37m<-- GET /wd/hub/session/24d397d8-f391-4dee-a331-439a42644c77/element/00000000-0000-0014-ffff-ffff0000009c/location [39m[32m200[39m [90m19 ms - 79[39m
[35m[HTTP][39m [90m[39m
[35m[HTTP][39m [37m-->[39m [37mPOST[39m [37m/wd/hub/session/24d397d8-f391-4dee-a331-439a42644c77/elements[39m
[35m[HTTP][39m [90m{"using":"xpath","value":"//*[@class = 'android.widget.TextView' and (@text = 'Your Bag' or . = 'Your Bag')]"}[39m
[35m[HTTP][39m [37m<-- POST /wd/hub/session/24d397d8-f391-4dee-a331-439a42644c77/elements [39m[32m200[39m [90m152 ms - 139[39m
[35m[HTTP][39m [90m[39m
[35m[HTTP][39m [37m-->[39m [37mGET[39m [37m/wd/hub/session/24d397d8-f391-4dee-a331-439a42644c77/element/00000000-0000-0014-ffff-ffff0000009c/location[39m
[35m[HTTP][39m [90m{}[39m
[35m[W3C (24d397d8)][39m Driver proxy active, passing request on via HTTP proxy
[35m[WD Proxy][39m Replacing sessionId 674a77e1-45be-4bf7-8886-f645a8611cd3 with 24d397d8-f391-4dee-a331-439a42644c77
[35m[HTTP][39m [37m<-- GET /wd/hub/session/24d397d8-f391-4dee-a331-439a42644c77/element/00000000-0000-0014-ffff-ffff0000009c/location [39m[32m200[39m [90m25 ms - 79[39m
[35m[HTTP][39m [90m[39m
[35m[HTTP][39m [37m-->[39m [37mPOST[39m [37m/wd/hub/session/24d397d8-f391-4dee-a331-439a42644c77/elements[39m
[35m[HTTP][39m [90m{"using":"xpath","value":"//*[@class = 'android.widget.TextView' and (@text = 'Your Bag' or . = 'Your Bag')]"}[39m
[35m[HTTP][39m [37m<-- POST /wd/hub/session/24d397d8-f391-4dee-a331-439a42644c77/elements [39m[32m200[39m [90m157 ms - 139[39m
[35m[HTTP][39m [90m[39m
[35m[HTTP][39m [37m-->[39m [37mGET[39m [37m/wd/hub/session/24d397d8-f391-4dee-a331-439a42644c77/element/00000000-0000-0014-ffff-ffff0000009c/location[39m
[35m[HTTP][39m [90m{}[39m
[35m[W3C (24d397d8)][39m Driver proxy active, passing request on via HTTP proxy
[35m[WD Proxy][39m Replacing sessionId 674a77e1-45be-4bf7-8886-f645a8611cd3 with 24d397d8-f391-4dee-a331-439a42644c77
[35m[HTTP][39m [37m<-- GET /wd/hub/session/24d397d8-f391-4dee-a331-439a42644c77/element/00000000-0000-0014-ffff-ffff0000009c/location [39m[32m200[39m [90m17 ms - 79[39m
[35m[HTTP][39m [90m[39m
[35m[HTTP][39m [37m-->[39m [37mPOST[39m [37m/wd/hub/session/24d397d8-f391-4dee-a331-439a42644c77/elements[39m
[35m[HTTP][39m [90m{"using":"xpath","value":"//*[@class = 'android.widget.TextView' and (@text = 'Your Bag' or . = 'Your Bag')]"}[39m
[35m[HTTP][39m [37m<-- POST /wd/hub/session/24d397d8-f391-4dee-a331-439a42644c77/elements [39m[32m200[39m [90m161 ms - 139[39m
[35m[HTTP][39m [90m[39m
[35m[HTTP][39m [37m-->[39m [37mGET[39m [37m/wd/hub/session/24d397d8-f391-4dee-a331-439a42644c77/element/00000000-0000-0014-ffff-ffff0000009c/location[39m
[35m[HTTP][39m [90m{}[39m
[35m[W3C (24d397d8)][39m Driver proxy active, passing request on via HTTP proxy
[35m[WD Proxy][39m Replacing sessionId 674a77e1-45be-4bf7-8886-f645a8611cd3 with 24d397d8-f391-4dee-a331-439a42644c77
[35m[HTTP][39m [37m<-- GET /wd/hub/session/24d397d8-f391-4dee-a331-439a42644c77/element/00000000-0000-0014-ffff-ffff0000009c/location [39m[32m200[39m [90m25 ms - 79[39m
[35m[HTTP][39m [90m[39m
[35m[HTTP][39m [37m-->[39m [37mPOST[39m [37m/wd/hub/session/24d397d8-f391-4dee-a331-439a42644c77/elements[39m
[35m[HTTP][39m [90m{"using":"xpath","value":"//*[@class = 'android.widget.TextView' and (@text = 'Your Bag' or . = 'Your Bag')]"}[39m
[35m[HTTP][39m [37m<-- POST /wd/hub/session/24d397d8-f391-4dee-a331-439a42644c77/elements [39m[32m200[39m [90m153 ms - 139[39m
[35m[HTTP][39m [90m[39m
[35m[HTTP][39m [37m-->[39m [37mGET[39m [37m/wd/hub/session/24d397d8-f391-4dee-a331-439a42644c77/element/00000000-0000-0014-ffff-ffff0000009c/location[39m
[35m[HTTP][39m [90m{}[39m
[35m[W3C (24d397d8)][39m Driver proxy active, passing request on via HTTP proxy
[35m[WD Proxy][39m Replacing sessionId 674a77e1-45be-4bf7-8886-f645a8611cd3 with 24d397d8-f391-4dee-a331-439a42644c77
[35m[HTTP][39m [37m<-- GET /wd/hub/session/24d397d8-f391-4dee-a331-439a42644c77/element/00000000-0000-0014-ffff-ffff0000009c/location [39m[32m200[39m [90m19 ms - 79[39m
[35m[HTTP][39m [90m[39m
[35m[HTTP][39m [37m-->[39m [37mPOST[39m [37m/wd/hub/session/24d397d8-f391-4dee-a331-439a42644c77/elements[39m
[35m[HTTP][39m [90m{"using":"xpath","value":"//*[@class = 'android.widget.TextView' and (@text = 'Your Bag' or . = 'Your Bag')]"}[39m
[35m[HTTP][39m [37m<-- POST /wd/hub/session/24d397d8-f391-4dee-a331-439a42644c77/elements [39m[32m200[39m [90m163 ms - 139[39m
[35m[HTTP][39m [90m[39m
[35m[HTTP][39m [37m-->[39m [37mGET[39m [37m/wd/hub/session/24d397d8-f391-4dee-a331-439a42644c77/element/00000000-0000-0014-ffff-ffff0000009c/location[39m
[35m[HTTP][39m [90m{}[39m
[35m[W3C (24d397d8)][39m Driver proxy active, passing request on via HTTP proxy
[35m[WD Proxy][39m Replacing sessionId 674a77e1-45be-4bf7-8886-f645a8611cd3 with 24d397d8-f391-4dee-a331-439a42644c77
[35m[HTTP][39m [37m<-- GET /wd/hub/session/24d397d8-f391-4dee-a331-439a42644c77/element/00000000-0000-0014-ffff-ffff0000009c/location [39m[32m200[39m [90m24 ms - 79[39m
[35m[HTTP][39m [90m[39m
[35m[HTTP][39m [37m-->[39m [37mPOST[39m [37m/wd/hub/session/24d397d8-f391-4dee-a331-439a42644c77/elements[39m
[35m[HTTP][39m [90m{"using":"xpath","value":"//*[@class = 'android.widget.TextView' and (@text = 'Your Bag' or . = 'Your Bag')]"}[39m
[35m[HTTP][39m [37m<-- POST /wd/hub/session/24d397d8-f391-4dee-a331-439a42644c77/elements [39m[32m200[39m [90m179 ms - 139[39m
[35m[HTTP][39m [90m[39m
[35m[HTTP][39m [37m-->[39m [37mGET[39m [37m/wd/hub/session/24d397d8-f391-4dee-a331-439a42644c77/element/00000000-0000-0014-ffff-ffff0000009c/location[39m
[35m[HTTP][39m [90m{}[39m
[35m[W3C (24d397d8)][39m Driver proxy active, passing request on via HTTP proxy
[35m[WD Proxy][39m Replacing sessionId 674a77e1-45be-4bf7-8886-f645a8611cd3 with 24d397d8-f391-4dee-a331-439a42644c77
[35m[HTTP][39m [37m<-- GET /wd/hub/session/24d397d8-f391-4dee-a331-439a42644c77/element/00000000-0000-0014-ffff-ffff0000009c/location [39m[32m200[39m [90m21 ms - 79[39m
[35m[HTTP][39m [90m[39m
[35m[HTTP][39m [37m-->[39m [37mPOST[39m [37m/wd/hub/session/24d397d8-f391-4dee-a331-439a42644c77/elements[39m
[35m[HTTP][39m [90m{"using":"xpath","value":"//*[@class = 'android.widget.TextView' and (@text = 'Your Bag' or . = 'Your Bag')]"}[39m
[35m[HTTP][39m [37m<-- POST /wd/hub/session/24d397d8-f391-4dee-a331-439a42644c77/elements [39m[32m200[39m [90m114 ms - 139[39m
[35m[HTTP][39m [90m[39m
[35m[HTTP][39m [37m-->[39m [37mGET[39m [37m/wd/hub/session/24d397d8-f391-4dee-a331-439a42644c77/element/00000000-0000-0014-ffff-ffff0000009c/location[39m
[35m[HTTP][39m [90m{}[39m
[35m[W3C (24d397d8)][39m Driver proxy active, passing request on via HTTP proxy
[35m[WD Proxy][39m Replacing sessionId 674a77e1-45be-4bf7-8886-f645a8611cd3 with 24d397d8-f391-4dee-a331-439a42644c77
[35m[HTTP][39m [37m<-- GET /wd/hub/session/24d397d8-f391-4dee-a331-439a42644c77/element/00000000-0000-0014-ffff-ffff0000009c/location [39m[32m200[39m [90m32 ms - 79[39m
[35m[HTTP][39m [90m[39m
[35m[HTTP][39m [37m-->[39m [37mPOST[39m [37m/wd/hub/session/24d397d8-f391-4dee-a331-439a42644c77/elements[39m
[35m[HTTP][39m [90m{"using":"xpath","value":"//*[@class = 'android.widget.TextView' and (@text = 'Your Bag' or . = 'Your Bag')]"}[39m
[35m[HTTP][39m [37m<-- POST /wd/hub/session/24d397d8-f391-4dee-a331-439a42644c77/elements [39m[32m200[39m [90m170 ms - 139[39m
[35m[HTTP][39m [90m[39m
[35m[HTTP][39m [37m-->[39m [37mGET[39m [37m/wd/hub/session/24d397d8-f391-4dee-a331-439a42644c77/element/00000000-0000-0014-ffff-ffff0000009c/location[39m
[35m[HTTP][39m [90m{}[39m
[35m[W3C (24d397d8)][39m Driver proxy active, passing request on via HTTP proxy
[35m[WD Proxy][39m Replacing sessionId 674a77e1-45be-4bf7-8886-f645a8611cd3 with 24d397d8-f391-4dee-a331-439a42644c77
[35m[HTTP][39m [37m<-- GET /wd/hub/session/24d397d8-f391-4dee-a331-439a42644c77/element/00000000-0000-0014-ffff-ffff0000009c/location [39m[32m200[39m [90m20 ms - 79[39m
[35m[HTTP][39m [90m[39m
[35m[HTTP][39m [37m-->[39m [37mPOST[39m [37m/wd/hub/session/24d397d8-f391-4dee-a331-439a42644c77/elements[39m
[35m[HTTP][39m [90m{"using":"xpath","value":"//*[@class = 'android.widget.TextView' and (@text = 'Your Bag' or . = 'Your Bag')]"}[39m
[35m[HTTP][39m [37m<-- POST /wd/hub/session/24d397d8-f391-4dee-a331-439a42644c77/elements [39m[32m200[39m [90m213 ms - 139[39m
[35m[HTTP][39m [90m[39m
[35m[HTTP][39m [37m-->[39m [37mGET[39m [37m/wd/hub/session/24d397d8-f391-4dee-a331-439a42644c77/element/00000000-0000-0014-ffff-ffff0000009c/location[39m
[35m[HTTP][39m [90m{}[39m
[35m[W3C (24d397d8)][39m Driver proxy active, passing request on via HTTP proxy
[35m[WD Proxy][39m Replacing sessionId 674a77e1-45be-4bf7-8886-f645a8611cd3 with 24d397d8-f391-4dee-a331-439a42644c77
[35m[HTTP][39m [37m<-- GET /wd/hub/session/24d397d8-f391-4dee-a331-439a42644c77/element/00000000-0000-0014-ffff-ffff0000009c/location [39m[32m200[39m [90m24 ms - 79[39m
[35m[HTTP][39m [90m[39m
[35m[HTTP][39m [37m-->[39m [37mPOST[39m [37m/wd/hub/session/24d397d8-f391-4dee-a331-439a42644c77/elements[39m
[35m[HTTP][39m [90m{"using":"xpath","value":"//*[@class = 'android.widget.TextView' and (@text = 'Your Bag' or . = 'Your Bag')]"}[39m
[35m[HTTP][39m [37m<-- POST /wd/hub/session/24d397d8-f391-4dee-a331-439a42644c77/elements [39m[32m200[39m [90m142 ms - 139[39m
[35m[HTTP][39m [90m[39m
[35m[HTTP][39m [37m-->[39m [37mGET[39m [37m/wd/hub/session/24d397d8-f391-4dee-a331-439a42644c77/element/00000000-0000-0014-ffff-ffff0000009c/location[39m
[35m[HTTP][39m [90m{}[39m
[35m[W3C (24d397d8)][39m Driver proxy active, passing request on via HTTP proxy
[35m[WD Proxy][39m Replacing sessionId 674a77e1-45be-4bf7-8886-f645a8611cd3 with 24d397d8-f391-4dee-a331-439a42644c77
[35m[HTTP][39m [37m<-- GET /wd/hub/session/24d397d8-f391-4dee-a331-439a42644c77/element/00000000-0000-0014-ffff-ffff0000009c/location [39m[32m200[39m [90m22 ms - 79[39m
[35m[HTTP][39m [90m[39m
[35m[HTTP][39m [37m-->[39m [37mPOST[39m [37m/wd/hub/session/24d397d8-f391-4dee-a331-439a42644c77/elements[39m
[35m[HTTP][39m [90m{"using":"xpath","value":"//*[@class = 'android.widget.TextView' and (@text = 'Your Bag' or . = 'Your Bag')]"}[39m
[35m[HTTP][39m [37m<-- POST /wd/hub/session/24d397d8-f391-4dee-a331-439a42644c77/elements [39m[32m200[39m [90m180 ms - 139[39m
[35m[HTTP][39m [90m[39m
[35m[HTTP][39m [37m-->[39m [37mGET[39m [37m/wd/hub/session/24d397d8-f391-4dee-a331-439a42644c77/element/00000000-0000-0014-ffff-ffff0000009c/location[39m
[35m[HTTP][39m [90m{}[39m
[35m[W3C (24d397d8)][39m Driver proxy active, passing request on via HTTP proxy
[35m[WD Proxy][39m Replacing sessionId 674a77e1-45be-4bf7-8886-f645a8611cd3 with 24d397d8-f391-4dee-a331-439a42644c77
[35m[HTTP][39m [37m<-- GET /wd/hub/session/24d397d8-f391-4dee-a331-439a42644c77/element/00000000-0000-0014-ffff-ffff0000009c/location [39m[32m200[39m [90m23 ms - 79[39m
[35m[HTTP][39m [90m[39m
[35m[HTTP][39m [37m-->[39m [37mPOST[39m [37m/wd/hub/session/24d397d8-f391-4dee-a331-439a42644c77/elements[39m
[35m[HTTP][39m [90m{"using":"xpath","value":"//*[@class = 'android.widget.TextView' and (@text = 'Your Bag' or . = 'Your Bag')]"}[39m
[35m[HTTP][39m [37m<-- POST /wd/hub/session/24d397d8-f391-4dee-a331-439a42644c77/elements [39m[32m200[39m [90m145 ms - 139[39m
[35m[HTTP][39m [90m[39m
[35m[HTTP][39m [37m-->[39m [37mGET[39m [37m/wd/hub/session/24d397d8-f391-4dee-a331-439a42644c77/element/00000000-0000-0014-ffff-ffff0000009c/location[39m
[35m[HTTP][39m [90m{}[39m
[35m[W3C (24d397d8)][39m Driver proxy active, passing request on via HTTP proxy
[35m[WD Proxy][39m Replacing sessionId 674a77e1-45be-4bf7-8886-f645a8611cd3 with 24d397d8-f391-4dee-a331-439a42644c77
[35m[HTTP][39m [37m<-- GET /wd/hub/session/24d397d8-f391-4dee-a331-439a42644c77/element/00000000-0000-0014-ffff-ffff0000009c/location [39m[32m200[39m [90m23 ms - 79[39m
[35m[HTTP][39m [90m[39m
[35m[HTTP][39m [37m-->[39m [37mPOST[39m [37m/wd/hub/session/24d397d8-f391-4dee-a331-439a42644c77/elements[39m
[35m[HTTP][39m [90m{"using":"xpath","value":"//*[@class = 'android.widget.TextView' and (@text = 'Your Bag' or . = 'Your Bag')]"}[39m
[35m[HTTP][39m [37m<-- POST /wd/hub/session/24d397d8-f391-4dee-a331-439a42644c77/elements [39m[32m200[39m [90m157 ms - 139[39m
[35m[HTTP][39m [90m[39m
[35m[HTTP][39m [37m-->[39m [37mGET[39m [37m/wd/hub/session/24d397d8-f391-4dee-a331-439a42644c77/element/00000000-0000-0014-ffff-ffff0000009c/location[39m
[35m[HTTP][39m [90m{}[39m
[35m[W3C (24d397d8)][39m Driver proxy active, passing request on via HTTP proxy
[35m[WD Proxy][39m Replacing sessionId 674a77e1-45be-4bf7-8886-f645a8611cd3 with 24d397d8-f391-4dee-a331-439a42644c77
[35m[HTTP][39m [37m<-- GET /wd/hub/session/24d397d8-f391-4dee-a331-439a42644c77/element/00000000-0000-0014-ffff-ffff0000009c/location [39m[32m200[39m [90m22 ms - 79[39m
[35m[HTTP][39m [90m[39m
[35m[HTTP][39m [37m-->[39m [37mPOST[39m [37m/wd/hub/session/24d397d8-f391-4dee-a331-439a42644c77/elements[39m
[35m[HTTP][39m [90m{"using":"xpath","value":"//*[@class = 'android.widget.TextView' and (@text = 'Your Bag' or . = 'Your Bag')]"}[39m
[35m[HTTP][39m [37m<-- POST /wd/hub/session/24d397d8-f391-4dee-a331-439a42644c77/elements [39m[32m200[39m [90m145 ms - 139[39m
[35m[HTTP][39m [90m[39m
[35m[HTTP][39m [37m-->[39m [37mGET[39m [37m/wd/hub/session/24d397d8-f391-4dee-a331-439a42644c77/element/00000000-0000-0014-ffff-ffff0000009c/location[39m
[35m[HTTP][39m [90m{}[39m
[35m[W3C (24d397d8)][39m Driver proxy active, passing request on via HTTP proxy
[35m[WD Proxy][39m Replacing sessionId 674a77e1-45be-4bf7-8886-f645a8611cd3 with 24d397d8-f391-4dee-a331-439a42644c77
[35m[HTTP][39m [37m<-- GET /wd/hub/session/24d397d8-f391-4dee-a331-439a42644c77/element/00000000-0000-0014-ffff-ffff0000009c/location [39m[32m200[39m [90m29 ms - 79[39m
[35m[HTTP][39m [90m[39m
[35m[HTTP][39m [37m-->[39m [37mPOST[39m [37m/wd/hub/session/24d397d8-f391-4dee-a331-439a42644c77/element/00000000-0000-0014-ffff-ffff0000009c/click[39m
[35m[HTTP][39m [90m{"id":"00000000-0000-0014-ffff-ffff0000009c"}[39m
[35m[HTTP][39m [37m<-- POST /wd/hub/session/24d397d8-f391-4dee-a331-439a42644c77/element/00000000-0000-0014-ffff-ffff0000009c/click [39m[32m200[39m [90m88 ms - 14[39m
[35m[HTTP][39m [90m[39m
[35m[HTTP][39m [37m-->[39m [37mGET[39m [37m/wd/hub/session/24d397d8-f391-4dee-a331-439a42644c77/source[39m
[35m[HTTP][39m [90m{}[39m
[35m[W3C (24d397d8)][39m Driver proxy active, passing request on via HTTP proxy
[35m[WD Proxy][39m Replacing sessionId 674a77e1-45be-4bf7-8886-f645a8611cd3 with 24d397d8-f391-4dee-a331-439a42644c77
[35m[HTTP][39m [37m<-- GET /wd/hub/session/24d397d8-f391-4dee-a331-439a42644c77/source [39m[32m200[39m [90m652 ms - 26399[39m
[35m[HTTP][39m [90m[39m
[35m[HTTP][39m [37m-->[39m [37mGET[39m [37m/wd/hub/session/24d397d8-f391-4dee-a331-439a42644c77/screenshot[39m
[35m[HTTP][39m [90m{}[39m
[35m[HTTP][39m [37m<-- GET /wd/hub/session/24d397d8-f391-4dee-a331-439a42644c77/screenshot [39m[32m200[39m [90m538 ms - 83736[39m
[35m[HTTP][39m [90m[39m
[35m[HTTP][39m [37m-->[39m [37mPOST[39m [37m/wd/hub/session/24d397d8-f391-4dee-a331-439a42644c77/elements[39m
[35m[HTTP][39m [90m{"using":"xpath","value":"//*[@class = 'android.widget.TextView' and (@text = 'Checkout' or . = 'Checkout')]"}[39m
[35m[HTTP][39m [37m<-- POST /wd/hub/session/24d397d8-f391-4dee-a331-439a42644c77/elements [39m[32m200[39m [90m176 ms - 139[39m
[35m[HTTP][39m [90m[39m
[35m[HTTP][39m [37m-->[39m [37mGET[39m [37m/wd/hub/session/24d397d8-f391-4dee-a331-439a42644c77/window/rect[39m
[35m[HTTP][39m [90m{}[39m
[35m[HTTP][39m [37m<-- GET /wd/hub/session/24d397d8-f391-4dee-a331-439a42644c77/window/rect [39m[32m200[39m [90m12 ms - 49[39m
[35m[HTTP][39m [90m[39m
[35m[HTTP][39m [37m-->[39m [37mPOST[39m [37m/wd/hub/session/24d397d8-f391-4dee-a331-439a42644c77/elements[39m
[35m[HTTP][39m [90m{"using":"xpath","value":"//*[@class = 'android.widget.TextView' and (@text = 'Checkout' or . = 'Checkout')]"}[39m
[35m[HTTP][39m [37m<-- POST /wd/hub/session/24d397d8-f391-4dee-a331-439a42644c77/elements [39m[32m200[39m [90m444 ms - 139[39m
[35m[HTTP][39m [90m[39m
[35m[HTTP][39m [37m-->[39m [37mGET[39m [37m/wd/hub/session/24d397d8-f391-4dee-a331-439a42644c77/element/00000000-0000-0014-ffff-ffff000002f3/location[39m
[35m[HTTP][39m [90m{}[39m
[35m[W3C (24d397d8)][39m Driver proxy active, passing request on via HTTP proxy
[35m[WD Proxy][39m Replacing sessionId 674a77e1-45be-4bf7-8886-f645a8611cd3 with 24d397d8-f391-4dee-a331-439a42644c77
[35m[HTTP][39m [37m<-- GET /wd/hub/session/24d397d8-f391-4dee-a331-439a42644c77/element/00000000-0000-0014-ffff-ffff000002f3/location [39m[32m200[39m [90m34 ms - 78[39m
[35m[HTTP][39m [90m[39m
[35m[HTTP][39m [37m-->[39m [37mPOST[39m [37m/wd/hub/session/24d397d8-f391-4dee-a331-439a42644c77/element/00000000-0000-0014-ffff-ffff000002f3/click[39m
[35m[HTTP][39m [90m{"id":"00000000-0000-0014-ffff-ffff000002f3"}[39m
[35m[HTTP][39m [37m<-- POST /wd/hub/session/24d397d8-f391-4dee-a331-439a42644c77/element/00000000-0000-0014-ffff-ffff000002f3/click [39m[32m200[39m [90m102 ms - 14[39m
[35m[HTTP][39m [90m[39m
[35m[HTTP][39m [37m-->[39m [37mGET[39m [37m/wd/hub/session/24d397d8-f391-4dee-a331-439a42644c77/source[39m
[35m[HTTP][39m [90m{}[39m
[35m[W3C (24d397d8)][39m Driver proxy active, passing request on via HTTP proxy
[35m[WD Proxy][39m Replacing sessionId 674a77e1-45be-4bf7-8886-f645a8611cd3 with 24d397d8-f391-4dee-a331-439a42644c77
[35m[HTTP][39m [37m<-- GET /wd/hub/session/24d397d8-f391-4dee-a331-439a42644c77/source [39m[32m200[39m [90m1285 ms - 8724[39m
[35m[HTTP][39m [90m[39m
[35m[HTTP][39m [37m-->[39m [37mGET[39m [37m/wd/hub/session/24d397d8-f391-4dee-a331-439a42644c77/screenshot[39m
[35m[HTTP][39m [90m{}[39m
[35m[HTTP][39m [37m<-- GET /wd/hub/session/24d397d8-f391-4dee-a331-439a42644c77/screenshot [39m[32m200[39m [90m558 ms - 86272[39m
[35m[HTTP][39m [90m[39m
[35m[HTTP][39m [37m-->[39m [37mPOST[39m [37m/wd/hub/session/24d397d8-f391-4dee-a331-439a42644c77/elements[39m
[35m[HTTP][39m [90m{"using":"xpath","value":"//*[@class = 'android.widget.ImageView' and @resource-id = 'oppo:id/resolver_item_icon' and (@text = '' or . = '')]"}[39m
[35m[HTTP][39m [37m<-- POST /wd/hub/session/24d397d8-f391-4dee-a331-439a42644c77/elements [39m[32m200[39m [90m63 ms - 267[39m
[35m[HTTP][39m [90m[39m
[35m[HTTP][39m [37m-->[39m [37mPOST[39m [37m/wd/hub/session/24d397d8-f391-4dee-a331-439a42644c77/elements[39m
[35m[HTTP][39m [90m{"using":"id","value":"oppo:id/resolver_item_icon"}[39m
[35m[HTTP][39m [37m<-- POST /wd/hub/session/24d397d8-f391-4dee-a331-439a42644c77/elements [39m[32m200[39m [90m46 ms - 267[39m
[35m[HTTP][39m [90m[39m
[35m[HTTP][39m [37m-->[39m [37mPOST[39m [37m/wd/hub/session/24d397d8-f391-4dee-a331-439a42644c77/elements[39m
[35m[HTTP][39m [90m{"using":"-android uiautomator","value":"new UiSelector().className(\"android.widget.ImageView\").resourceId(\"oppo:id/resolver_item_icon\")"}[39m
[35m[HTTP][39m [37m<-- POST /wd/hub/session/24d397d8-f391-4dee-a331-439a42644c77/elements [39m[32m200[39m [90m78 ms - 267[39m
[35m[HTTP][39m [90m[39m
[35m[HTTP][39m [37m-->[39m [37mGET[39m [37m/wd/hub/session/24d397d8-f391-4dee-a331-439a42644c77/window/rect[39m
[35m[HTTP][39m [90m{}[39m
[35m[HTTP][39m [37m<-- GET /wd/hub/session/24d397d8-f391-4dee-a331-439a42644c77/window/rect [39m[32m200[39m [90m13 ms - 49[39m
[35m[HTTP][39m [90m[39m
[35m[HTTP][39m [37m-->[39m [37mPOST[39m [37m/wd/hub/session/24d397d8-f391-4dee-a331-439a42644c77/elements[39m
[35m[HTTP][39m [90m{"using":"xpath","value":"//hierarchy/android.widget.FrameLayout[1]/android.widget.FrameLayout[1]/android.widget.FrameLayout[1]/android.widget.LinearLayout[1]/android.widget.LinearLayout[1]/android.widget.ScrollView[1]/android.widget.LinearLayout[1]/com.color.widget.ColorViewPager[1]/com.android.internal.widget.RecyclerView[1]/android.widget.LinearLayout[2]/android.widget.ImageView[1]"}[39m
[35m[HTTP][39m [37m<-- POST /wd/hub/session/24d397d8-f391-4dee-a331-439a42644c77/elements [39m[32m200[39m [90m72 ms - 139[39m
[35m[HTTP][39m [90m[39m
[35m[HTTP][39m [37m-->[39m [37mGET[39m [37m/wd/hub/session/24d397d8-f391-4dee-a331-439a42644c77/element/00000000-0000-0015-ffff-ffff00000028/location[39m
[35m[HTTP][39m [90m{}[39m
[35m[W3C (24d397d8)][39m Driver proxy active, passing request on via HTTP proxy
[35m[WD Proxy][39m Replacing sessionId 674a77e1-45be-4bf7-8886-f645a8611cd3 with 24d397d8-f391-4dee-a331-439a42644c77
[35m[HTTP][39m [37m<-- GET /wd/hub/session/24d397d8-f391-4dee-a331-439a42644c77/element/00000000-0000-0015-ffff-ffff00000028/location [39m[32m200[39m [90m21 ms - 79[39m
[35m[HTTP][39m [90m[39m
[35m[HTTP][39m [37m-->[39m [37mPOST[39m [37m/wd/hub/session/24d397d8-f391-4dee-a331-439a42644c77/element/00000000-0000-0015-ffff-ffff00000028/click[39m
[35m[HTTP][39m [90m{"id":"00000000-0000-0015-ffff-ffff00000028"}[39m
[35m[HTTP][39m [37m<-- POST /wd/hub/session/24d397d8-f391-4dee-a331-439a42644c77/element/00000000-0000-0015-ffff-ffff00000028/click [39m[32m200[39m [90m684 ms - 14[39m
[35m[HTTP][39m [90m[39m
[35m[HTTP][39m [37m-->[39m [37mGET[39m [37m/wd/hub/session/24d397d8-f391-4dee-a331-439a42644c77/source[39m
[35m[HTTP][39m [90m{}[39m
[35m[W3C (24d397d8)][39m Driver proxy active, passing request on via HTTP proxy
[35m[WD Proxy][39m Replacing sessionId 674a77e1-45be-4bf7-8886-f645a8611cd3 with 24d397d8-f391-4dee-a331-439a42644c77
[35m[HTTP][39m [37m<-- GET /wd/hub/session/24d397d8-f391-4dee-a331-439a42644c77/source [39m[32m200[39m [90m111 ms - 8718[39m
[35m[HTTP][39m [90m[39m
[35m[HTTP][39m [37m-->[39m [37mGET[39m [37m/wd/hub/session/24d397d8-f391-4dee-a331-439a42644c77/screenshot[39m
[35m[HTTP][39m [90m{}[39m
[35m[HTTP][39m [37m<-- GET /wd/hub/session/24d397d8-f391-4dee-a331-439a42644c77/screenshot [39m[32m200[39m [90m618 ms - 91454[39m
[35m[HTTP][39m [90m[39m
[35m[HTTP][39m [37m-->[39m [37mPOST[39m [37m/wd/hub/session/24d397d8-f391-4dee-a331-439a42644c77/elements[39m
[35m[HTTP][39m [90m{"using":"xpath","value":"//*[@class = 'android.widget.ImageView' and @resource-id = 'oppo:id/resolver_item_icon' and (@text = '' or . = '')]"}[39m
[35m[HTTP][39m [37m<-- POST /wd/hub/session/24d397d8-f391-4dee-a331-439a42644c77/elements [39m[32m200[39m [90m558 ms - 267[39m
[35m[HTTP][39m [90m[39m
[35m[HTTP][39m [37m-->[39m [37mPOST[39m [37m/wd/hub/session/24d397d8-f391-4dee-a331-439a42644c77/elements[39m
[35m[HTTP][39m [90m{"using":"id","value":"oppo:id/resolver_item_icon"}[39m
[35m[HTTP][39m [37m<-- POST /wd/hub/session/24d397d8-f391-4dee-a331-439a42644c77/elements [39m[32m200[39m [90m33 ms - 267[39m
[35m[HTTP][39m [90m[39m
[35m[HTTP][39m [37m-->[39m [37mPOST[39m [37m/wd/hub/session/24d397d8-f391-4dee-a331-439a42644c77/elements[39m
[35m[HTTP][39m [90m{"using":"-android uiautomator","value":"new UiSelector().className(\"android.widget.ImageView\").resourceId(\"oppo:id/resolver_item_icon\")"}[39m
[35m[HTTP][39m [37m<-- POST /wd/hub/session/24d397d8-f391-4dee-a331-439a42644c77/elements [39m[32m200[39m [90m74 ms - 267[39m
[35m[HTTP][39m [90m[39m
[35m[HTTP][39m [37m-->[39m [37mGET[39m [37m/wd/hub/session/24d397d8-f391-4dee-a331-439a42644c77/window/rect[39m
[35m[HTTP][39m [90m{}[39m
[35m[HTTP][39m [37m<-- GET /wd/hub/session/24d397d8-f391-4dee-a331-439a42644c77/window/rect [39m[32m200[39m [90m16 ms - 49[39m
[35m[HTTP][39m [90m[39m
[35m[HTTP][39m [37m-->[39m [37mPOST[39m [37m/wd/hub/session/24d397d8-f391-4dee-a331-439a42644c77/elements[39m
[35m[HTTP][39m [90m{"using":"xpath","value":"//hierarchy/android.widget.FrameLayout[1]/android.widget.FrameLayout[1]/android.widget.FrameLayout[1]/android.widget.LinearLayout[1]/android.widget.LinearLayout[1]/android.widget.ScrollView[1]/android.widget.LinearLayout[1]/com.color.widget.ColorViewPager[1]/com.android.internal.widget.RecyclerView[1]/android.widget.LinearLayout[2]/android.widget.ImageView[1]"}[39m
[35m[HTTP][39m [37m<-- POST /wd/hub/session/24d397d8-f391-4dee-a331-439a42644c77/elements [39m[32m200[39m [90m92 ms - 139[39m
[35m[HTTP][39m [90m[39m
[35m[HTTP][39m [37m-->[39m [37mGET[39m [37m/wd/hub/session/24d397d8-f391-4dee-a331-439a42644c77/element/00000000-0000-0015-ffff-ffff00000031/location[39m
[35m[HTTP][39m [90m{}[39m
[35m[W3C (24d397d8)][39m Driver proxy active, passing request on via HTTP proxy
[35m[WD Proxy][39m Replacing sessionId 674a77e1-45be-4bf7-8886-f645a8611cd3 with 24d397d8-f391-4dee-a331-439a42644c77
[35m[HTTP][39m [37m<-- GET /wd/hub/session/24d397d8-f391-4dee-a331-439a42644c77/element/00000000-0000-0015-ffff-ffff00000031/location [39m[32m200[39m [90m27 ms - 79[39m
[35m[HTTP][39m [90m[39m
[35m[HTTP][39m [37m-->[39m [37mPOST[39m [37m/wd/hub/session/24d397d8-f391-4dee-a331-439a42644c77/element/00000000-0000-0015-ffff-ffff00000031/click[39m
[35m[HTTP][39m [90m{"id":"00000000-0000-0015-ffff-ffff00000031"}[39m
[35m[HTTP][39m [37m<-- POST /wd/hub/session/24d397d8-f391-4dee-a331-439a42644c77/element/00000000-0000-0015-ffff-ffff00000031/click [39m[32m200[39m [90m84 ms - 14[39m
[35m[HTTP][39m [90m[39m
[35m[HTTP][39m [37m-->[39m [37mGET[39m [37m/wd/hub/session/24d397d8-f391-4dee-a331-439a42644c77/source[39m
[35m[HTTP][39m [90m{}[39m
[35m[W3C (24d397d8)][39m Driver proxy active, passing request on via HTTP proxy
[35m[WD Proxy][39m Replacing sessionId 674a77e1-45be-4bf7-8886-f645a8611cd3 with 24d397d8-f391-4dee-a331-439a42644c77
[35m[HTTP][39m [37m<-- GET /wd/hub/session/24d397d8-f391-4dee-a331-439a42644c77/source [39m[32m200[39m [90m275 ms - 8718[39m
[35m[HTTP][39m [90m[39m
[35m[HTTP][39m [37m-->[39m [37mGET[39m [37m/wd/hub/session/24d397d8-f391-4dee-a331-439a42644c77/screenshot[39m
[35m[HTTP][39m [90m{}[39m
[35m[HTTP][39m [37m<-- GET /wd/hub/session/24d397d8-f391-4dee-a331-439a42644c77/screenshot [39m[32m200[39m [90m747 ms - 91454[39m
[35m[HTTP][39m [90m[39m
[35m[HTTP][39m [37m-->[39m [37mGET[39m [37m/wd/hub/session/24d397d8-f391-4dee-a331-439a42644c77/source[39m
[35m[HTTP][39m [90m{}[39m
[35m[W3C (24d397d8)][39m Driver proxy active, passing request on via HTTP proxy
[35m[WD Proxy][39m Replacing sessionId 674a77e1-45be-4bf7-8886-f645a8611cd3 with 24d397d8-f391-4dee-a331-439a42644c77
[35m[HTTP][39m [37m<-- GET /wd/hub/session/24d397d8-f391-4dee-a331-439a42644c77/source [39m[32m200[39m [90m771 ms - 51543[39m
[35m[HTTP][39m [90m[39m
[35m[HTTP][39m [37m-->[39m [37mGET[39m [37m/wd/hub/session/24d397d8-f391-4dee-a331-439a42644c77/screenshot[39m
[35m[HTTP][39m [90m{}[39m
[35m[HTTP][39m [37m<-- GET /wd/hub/session/24d397d8-f391-4dee-a331-439a42644c77/screenshot [39m[32m200[39m [90m712 ms - 215080[39m
[35m[HTTP][39m [90m[39m
[35m[HTTP][39m [37m-->[39m [37mPOST[39m [37m/wd/hub/session/24d397d8-f391-4dee-a331-439a42644c77/elements[39m
[35m[HTTP][39m [90m{"using":"xpath","value":"//*[@class = 'android.widget.TextView' and (@text = 'Your email address' or . = 'Your email address')]"}[39m
[35m[HTTP][39m [37m<-- POST /wd/hub/session/24d397d8-f391-4dee-a331-439a42644c77/elements [39m[32m200[39m [90m382 ms - 139[39m
[35m[HTTP][39m [90m[39m
[35m[HTTP][39m [37m-->[39m [37mGET[39m [37m/wd/hub/session/24d397d8-f391-4dee-a331-439a42644c77/window/rect[39m
[35m[HTTP][39m [90m{}[39m
[35m[HTTP][39m [37m<-- GET /wd/hub/session/24d397d8-f391-4dee-a331-439a42644c77/window/rect [39m[32m200[39m [90m20 ms - 49[39m
[35m[HTTP][39m [90m[39m
[35m[HTTP][39m [37m-->[39m [37mPOST[39m [37m/wd/hub/session/24d397d8-f391-4dee-a331-439a42644c77/elements[39m
[35m[HTTP][39m [90m{"using":"xpath","value":"//*[@class = 'android.widget.TextView' and (@text = 'Your email address' or . = 'Your email address')]"}[39m
[35m[HTTP][39m [37m<-- POST /wd/hub/session/24d397d8-f391-4dee-a331-439a42644c77/elements [39m[32m200[39m [90m316 ms - 139[39m
[35m[HTTP][39m [90m[39m
[35m[HTTP][39m [37m-->[39m [37mGET[39m [37m/wd/hub/session/24d397d8-f391-4dee-a331-439a42644c77/element/00000000-0000-0017-0000-011e00000049/location[39m
[35m[HTTP][39m [90m{}[39m
[35m[W3C (24d397d8)][39m Driver proxy active, passing request on via HTTP proxy
[35m[WD Proxy][39m Replacing sessionId 674a77e1-45be-4bf7-8886-f645a8611cd3 with 24d397d8-f391-4dee-a331-439a42644c77
[35m[HTTP][39m [37m<-- GET /wd/hub/session/24d397d8-f391-4dee-a331-439a42644c77/element/00000000-0000-0017-0000-011e00000049/location [39m[32m200[39m [90m23 ms - 77[39m
[35m[HTTP][39m [90m[39m
[35m[HTTP][39m [37m-->[39m [37mPOST[39m [37m/wd/hub/session/24d397d8-f391-4dee-a331-439a42644c77/element/00000000-0000-0017-0000-011e00000049/clear[39m
[35m[HTTP][39m [90m{"id":"00000000-0000-0017-0000-011e00000049"}[39m
[35m[HTTP][39m [37m<-- POST /wd/hub/session/24d397d8-f391-4dee-a331-439a42644c77/element/00000000-0000-0017-0000-011e00000049/clear [39m[32m200[39m [90m42 ms - 14[39m
[35m[HTTP][39m [90m[39m
[35m[HTTP][39m [37m-->[39m [37mPOST[39m [37m/wd/hub/session/24d397d8-f391-4dee-a331-439a42644c77/element/00000000-0000-0017-0000-011e00000049/value[39m
[35m[HTTP][39m [90m{"id":"00000000-0000-0017-0000-011e00000049","text":"rizkiprtma03@gmail.com","value":["r","i","z","k","i","p","r","t","m","a","0","3","@","g","m","a","i","l",".","c","o","m"]}[39m
[35m[WD Proxy][39m Got response with status 400: {"sessionId":"674a77e1-45be-4bf7-8886-f645a8611cd3","value":{"error":"invalid element state","message":"Cannot set the element to 'rizkiprtma03@gmail.com'. Did you interact with the correct element?","stacktrace":"io.appium.uiautomator2.common.exceptions.InvalidElementStateException: Cannot set the element to 'rizkiprtma03@gmail.com'. Did you interact with the correct element?\n\tat io.appium.uiautomator2.handler.SendKeysToElement.setText(SendKeysToElement.java:87)\n\tat io.appium.uiautomator2.handler.SendKeysToElement.safeHandle(SendKeysToElement.java:115)\n\tat io.appium.uiautomator2.handler.request.SafeRequestHandler.handle(SafeRequestHandler.java:59)\n\tat io.appium.uiautomator2.server.AppiumServlet.handleRequest(AppiumServlet.java:266)\n\tat io.appium.uiautomator2.server.AppiumServlet.handleHttpRequest(AppiumServlet.java:260)\n\tat io.appium.uiautomator2.http.ServerHandler.channelRead(ServerHandler.java:68)\n\tat io.netty.channel.AbstractChannelHandlerContext.invokeChannelRead(AbstractChannelHandlerCo...
[35m[HTTP][39m [37m<-- POST /wd/hub/session/24d397d8-f391-4dee-a331-439a42644c77/element/00000000-0000-0017-0000-011e00000049/value [39m[33m400[39m [90m115 ms - 3923[39m
[35m[HTTP][39m [90m[39m
[35m[HTTP][39m [37m-->[39m [37mPOST[39m [37m/wd/hub/session/24d397d8-f391-4dee-a331-439a42644c77/elements[39m
[35m[HTTP][39m [90m{"using":"xpath","value":"//*[@class = 'android.widget.TextView' and (@text = 'Your email address' or . = 'Your email address')]"}[39m
[35m[HTTP][39m [37m<-- POST /wd/hub/session/24d397d8-f391-4dee-a331-439a42644c77/elements [39m[32m200[39m [90m375 ms - 139[39m
[35m[HTTP][39m [90m[39m
[35m[HTTP][39m [37m-->[39m [37mGET[39m [37m/wd/hub/session/24d397d8-f391-4dee-a331-439a42644c77/window/rect[39m
[35m[HTTP][39m [90m{}[39m
[35m[HTTP][39m [37m<-- GET /wd/hub/session/24d397d8-f391-4dee-a331-439a42644c77/window/rect [39m[32m200[39m [90m16 ms - 49[39m
[35m[HTTP][39m [90m[39m
[35m[HTTP][39m [37m-->[39m [37mPOST[39m [37m/wd/hub/session/24d397d8-f391-4dee-a331-439a42644c77/elements[39m
[35m[HTTP][39m [90m{"using":"xpath","value":"//*[@class = 'android.widget.TextView' and (@text = 'Your email address' or . = 'Your email address')]"}[39m
[35m[HTTP][39m [37m<-- POST /wd/hub/session/24d397d8-f391-4dee-a331-439a42644c77/elements [39m[32m200[39m [90m312 ms - 139[39m
[35m[HTTP][39m [90m[39m
[35m[HTTP][39m [37m-->[39m [37mGET[39m [37m/wd/hub/session/24d397d8-f391-4dee-a331-439a42644c77/element/00000000-0000-0017-0000-011e00000049/location[39m
[35m[HTTP][39m [90m{}[39m
[35m[W3C (24d397d8)][39m Driver proxy active, passing request on via HTTP proxy
[35m[WD Proxy][39m Replacing sessionId 674a77e1-45be-4bf7-8886-f645a8611cd3 with 24d397d8-f391-4dee-a331-439a42644c77
[35m[HTTP][39m [37m<-- GET /wd/hub/session/24d397d8-f391-4dee-a331-439a42644c77/element/00000000-0000-0017-0000-011e00000049/location [39m[32m200[39m [90m28 ms - 77[39m
[35m[HTTP][39m [90m[39m
[35m[HTTP][39m [37m-->[39m [37mPOST[39m [37m/wd/hub/session/24d397d8-f391-4dee-a331-439a42644c77/element/00000000-0000-0017-0000-011e00000049/click[39m
[35m[HTTP][39m [90m{"id":"00000000-0000-0017-0000-011e00000049"}[39m
[35m[HTTP][39m [37m<-- POST /wd/hub/session/24d397d8-f391-4dee-a331-439a42644c77/element/00000000-0000-0017-0000-011e00000049/click [39m[32m200[39m [90m91 ms - 14[39m
[35m[HTTP][39m [90m[39m
[35m[HTTP][39m [37m-->[39m [37mGET[39m [37m/wd/hub/session/24d397d8-f391-4dee-a331-439a42644c77/source[39m
[35m[HTTP][39m [90m{}[39m
[35m[W3C (24d397d8)][39m Driver proxy active, passing request on via HTTP proxy
[35m[WD Proxy][39m Replacing sessionId 674a77e1-45be-4bf7-8886-f645a8611cd3 with 24d397d8-f391-4dee-a331-439a42644c77
[35m[HTTP][39m [37m<-- GET /wd/hub/session/24d397d8-f391-4dee-a331-439a42644c77/source [39m[32m200[39m [90m681 ms - 42215[39m
[35m[HTTP][39m [90m[39m
[35m[HTTP][39m [37m-->[39m [37mGET[39m [37m/wd/hub/session/24d397d8-f391-4dee-a331-439a42644c77/screenshot[39m
[35m[HTTP][39m [90m{}[39m
[35m[HTTP][39m [37m<-- GET /wd/hub/session/24d397d8-f391-4dee-a331-439a42644c77/screenshot [39m[32m200[39m [90m711 ms - 185246[39m
[35m[HTTP][39m [90m[39m
[35m[HTTP][39m [37m-->[39m [37mPOST[39m [37m/wd/hub/session/24d397d8-f391-4dee-a331-439a42644c77/elements[39m
[35m[HTTP][39m [90m{"using":"xpath","value":"//*[@class = 'android.widget.TextView' and (@text = 'Your email address' or . = 'Your email address')]"}[39m
[35m[HTTP][39m [37m<-- POST /wd/hub/session/24d397d8-f391-4dee-a331-439a42644c77/elements [39m[32m200[39m [90m302 ms - 139[39m
[35m[HTTP][39m [90m[39m
[35m[HTTP][39m [37m-->[39m [37mGET[39m [37m/wd/hub/session/24d397d8-f391-4dee-a331-439a42644c77/window/rect[39m
[35m[HTTP][39m [90m{}[39m
[35m[HTTP][39m [37m<-- GET /wd/hub/session/24d397d8-f391-4dee-a331-439a42644c77/window/rect [39m[32m200[39m [90m17 ms - 49[39m
[35m[HTTP][39m [90m[39m
[35m[HTTP][39m [37m-->[39m [37mPOST[39m [37m/wd/hub/session/24d397d8-f391-4dee-a331-439a42644c77/elements[39m
[35m[HTTP][39m [90m{"using":"xpath","value":"//*[@class = 'android.widget.TextView' and (@text = 'Your email address' or . = 'Your email address')]"}[39m
[35m[HTTP][39m [37m<-- POST /wd/hub/session/24d397d8-f391-4dee-a331-439a42644c77/elements [39m[32m200[39m [90m294 ms - 139[39m
[35m[HTTP][39m [90m[39m
[35m[HTTP][39m [37m-->[39m [37mGET[39m [37m/wd/hub/session/24d397d8-f391-4dee-a331-439a42644c77/element/00000000-0000-0017-0000-011e00000049/location[39m
[35m[HTTP][39m [90m{}[39m
[35m[W3C (24d397d8)][39m Driver proxy active, passing request on via HTTP proxy
[35m[WD Proxy][39m Replacing sessionId 674a77e1-45be-4bf7-8886-f645a8611cd3 with 24d397d8-f391-4dee-a331-439a42644c77
[35m[HTTP][39m [37m<-- GET /wd/hub/session/24d397d8-f391-4dee-a331-439a42644c77/element/00000000-0000-0017-0000-011e00000049/location [39m[32m200[39m [90m30 ms - 77[39m
[35m[HTTP][39m [90m[39m
[35m[HTTP][39m [37m-->[39m [37mPOST[39m [37m/wd/hub/session/24d397d8-f391-4dee-a331-439a42644c77/element/00000000-0000-0017-0000-011e00000049/clear[39m
[35m[HTTP][39m [90m{"id":"00000000-0000-0017-0000-011e00000049"}[39m
[35m[HTTP][39m [37m<-- POST /wd/hub/session/24d397d8-f391-4dee-a331-439a42644c77/element/00000000-0000-0017-0000-011e00000049/clear [39m[32m200[39m [90m32 ms - 14[39m
[35m[HTTP][39m [90m[39m
[35m[HTTP][39m [37m-->[39m [37mPOST[39m [37m/wd/hub/session/24d397d8-f391-4dee-a331-439a42644c77/element/00000000-0000-0017-0000-011e00000049/value[39m
[35m[HTTP][39m [90m{"id":"00000000-0000-0017-0000-011e00000049","text":"rizkiprtma03@gmail.com","value":["r","i","z","k","i","p","r","t","m","a","0","3","@","g","m","a","i","l",".","c","o","m"]}[39m
[35m[WD Proxy][39m Got response with status 400: {"sessionId":"674a77e1-45be-4bf7-8886-f645a8611cd3","value":{"error":"invalid element state","message":"Cannot set the element to 'rizkiprtma03@gmail.com'. Did you interact with the correct element?","stacktrace":"io.appium.uiautomator2.common.exceptions.InvalidElementStateException: Cannot set the element to 'rizkiprtma03@gmail.com'. Did you interact with the correct element?\n\tat io.appium.uiautomator2.handler.SendKeysToElement.setText(SendKeysToElement.java:87)\n\tat io.appium.uiautomator2.handler.SendKeysToElement.safeHandle(SendKeysToElement.java:115)\n\tat io.appium.uiautomator2.handler.request.SafeRequestHandler.handle(SafeRequestHandler.java:59)\n\tat io.appium.uiautomator2.server.AppiumServlet.handleRequest(AppiumServlet.java:266)\n\tat io.appium.uiautomator2.server.AppiumServlet.handleHttpRequest(AppiumServlet.java:260)\n\tat io.appium.uiautomator2.http.ServerHandler.channelRead(ServerHandler.java:68)\n\tat io.netty.channel.AbstractChannelHandlerContext.invokeChannelRead(AbstractChannelHandlerCo...
[35m[HTTP][39m [37m<-- POST /wd/hub/session/24d397d8-f391-4dee-a331-439a42644c77/element/00000000-0000-0017-0000-011e00000049/value [39m[33m400[39m [90m82 ms - 3923[39m
[35m[HTTP][39m [90m[39m
[35m[HTTP][39m [37m-->[39m [37mDELETE[39m [37m/wd/hub/session/24d397d8-f391-4dee-a331-439a42644c77[39m
[35m[HTTP][39m [90m{}[39m
[35m[Appium][39m Removing session 24d397d8-f391-4dee-a331-439a42644c77 from our master session list
[35m[UiAutomator2][39m Restoring hidden api policy to the device default configuration
[35m[HTTP][39m [37m<-- DELETE /wd/hub/session/24d397d8-f391-4dee-a331-439a42644c77 [39m[32m200[39m [90m642 ms - 14[39m
[35m[HTTP][39m [90m[39m
